[2016.04.04-12.56.14:549][  0]Log file open, 04/04/16 13:56:14
[2016.04.04-12.56.14:549][  0]LogInit:Display: Running engine for game: BadWizard
[2016.04.04-12.56.14:549][  0]LogPlatformFile: Not using cached read wrapper
[2016.04.04-12.56.14:549][  0]LogInit:Display: RandInit(-1975567107) SRandInit(-1975567106).
[2016.04.04-12.56.14:549][  0]LogTaskGraph: Started task graph with 4 named threads and 7 total threads.
[2016.04.04-12.56.14:549][  0]LogStats: Stats thread started at 0.063012
[2016.04.04-12.56.14:549][  0]LogInit: Version: 4.10.4-2872498+++depot+UE4-Releases+4.10
[2016.04.04-12.56.14:549][  0]LogInit: API Version: 2758231
[2016.04.04-12.56.14:549][  0]LogInit: Compiled (64-bit): Feb 18 2016 15:47:04
[2016.04.04-12.56.14:549][  0]LogInit: Compiled with Visual C++: 19.00.23026.00
[2016.04.04-12.56.14:549][  0]LogInit: Build Configuration: Development
[2016.04.04-12.56.14:549][  0]LogInit: Branch Name: ++depot+UE4-Releases+4.10
[2016.04.04-12.56.14:549][  0]LogInit: Command line:  
[2016.04.04-12.56.14:549][  0]LogInit: Base directory: M:/Program Files/Epic Games/4.10/Engine/Binaries/Win64/
[2016.04.04-12.56.14:549][  0]LogInit: Rocket: 1
[2016.04.04-12.56.14:555][  0]LogInit: Using libcurl 7.41.0
[2016.04.04-12.56.14:555][  0]LogInit:  - built for x86_64-pc-win32
[2016.04.04-12.56.14:555][  0]LogInit:  - supports SSL with WinSSL
[2016.04.04-12.56.14:555][  0]LogInit:  - other features:
[2016.04.04-12.56.14:555][  0]LogInit:      CURL_VERSION_SSL
[2016.04.04-12.56.14:555][  0]LogInit:      CURL_VERSION_IPV6
[2016.04.04-12.56.14:555][  0]LogInit:      CURL_VERSION_ASYNCHDNS
[2016.04.04-12.56.14:555][  0]LogInit:      CURL_VERSION_LARGEFILE
[2016.04.04-12.56.14:555][  0]LogInit:      CURL_VERSION_IDN
[2016.04.04-12.56.14:555][  0]LogInit:  CurlRequestOptions (configurable via config and command line):
[2016.04.04-12.56.14:555][  0]LogInit:  - bVerifyPeer = true  - Libcurl will verify peer certificate
[2016.04.04-12.56.14:555][  0]LogInit:  - bUseHttpProxy = false  - Libcurl will NOT use HTTP proxy
[2016.04.04-12.56.14:555][  0]LogInit:  - bDontReuseConnections = false  - Libcurl will reuse connections
[2016.04.04-12.56.14:555][  0]LogInit:  - CertBundlePath = nullptr  - Libcurl will use whatever was configured at build time.
[2016.04.04-12.56.14:559][  0]LogInit: Presizing for 0 objects not considered by GC, pre-allocating 0 bytes.
[2016.04.04-12.56.14:564][  0]LogInit: Object subsystem initialized
[2016.04.04-12.56.14:565][  0]LogInit: Selected Device Profile: [Windows]
[2016.04.04-12.56.14:565][  0]LogInit: Applying CVar settings loaded from the selected device profile: [Windows]
[2016.04.04-12.56.14:570][  0]LogInit: Computer: ROSSHAWKINS-PC
[2016.04.04-12.56.14:570][  0]LogInit: User: RossHawkins
[2016.04.04-12.56.14:570][  0]LogInit: CPU Page size=4096, Cores=4
[2016.04.04-12.56.14:570][  0]LogInit: High frequency timer resolution =3.410097 MHz
[2016.04.04-12.56.14:570][  0]LogMemory: Memory total: Physical=16.0GB (16GB approx)
[2016.04.04-12.56.14:570][  0]LogMemory: Platform Memory Stats for Windows
[2016.04.04-12.56.14:570][  0]LogMemory: Process Physical Memory: 56.86 MB used, 56.86 MB peak
[2016.04.04-12.56.14:570][  0]LogMemory: Process Virtual Memory: 60.65 MB used, 60.65 MB peak
[2016.04.04-12.56.14:570][  0]LogMemory: Physical Memory: 4821.91 MB used, 16384.00 MB total
[2016.04.04-12.56.14:570][  0]LogMemory: Virtual Memory: 353.85 MB used, 8388608.00 MB total
[2016.04.04-12.56.14:606][  0]LogTextLocalizationManager: No specific translations for ('en-GB') exist, so ('en') translations will be used.
[2016.04.04-12.56.14:951][  0]LogD3D11RHI: Found D3D11 adapter 0: NVIDIA GeForce GTX 770 (Feature Level 11_0)
[2016.04.04-12.56.14:951][  0]LogD3D11RHI: Adapter has 1989MB of dedicated video memory, 0MB of dedicated system memory, and 2048MB of shared system memory, 1 output[s]
[2016.04.04-12.56.14:951][  0]LogD3D11RHI: Chosen D3D11 Adapter Id = 0
[2016.04.04-12.56.14:959][  0]LogD3D11RHI: !Direct3DDevice
[2016.04.04-12.56.14:960][  0]LogRHI: Texture pool is 1361 MB (70% of 1945 MB)
[2016.04.04-12.56.14:968][  0]LogD3D11RHI: Async texture creation enabled
[2016.04.04-12.56.14:982][  0]LogShaderCompilers: Guid format shader working directory is -1 characters bigger than the processId version (../../../../../../My Documents/new repo/BadWizard/Intermediate/Shaders/WorkingDirectory/62204/).
[2016.04.04-12.56.14:982][  0]LogShaderCompilers: Cleaned the shader compiler working directory 'C:/Users/ROSSHA~1/AppData/Local/Temp/UnrealShaderWorkingDir/E8CB62BD4D1F3819715D1FA154C0D05A/'.
[2016.04.04-12.56.14:982][  0]LogShaderCompilers:Display: Using Local Shader Compiler.
[2016.04.04-12.56.15:651][  0]LogTemp:Display: Loaded TP AllDesktopTargetPlatform
[2016.04.04-12.56.15:654][  0]LogTemp:Display: Loaded TP WindowsClientTargetPlatform
[2016.04.04-12.56.15:657][  0]LogTemp:Display: Loaded TP WindowsNoEditorTargetPlatform
[2016.04.04-12.56.15:660][  0]LogTemp:Display: Loaded TP WindowsServerTargetPlatform
[2016.04.04-12.56.15:663][  0]LogTemp:Display: Loaded TP WindowsTargetPlatform
[2016.04.04-12.56.15:666][  0]LogTemp:Display: Loaded TP AndroidTargetPlatform
[2016.04.04-12.56.15:668][  0]LogTemp:Display: Loaded TP Android_ASTCTargetPlatform
[2016.04.04-12.56.15:670][  0]LogTemp:Display: Loaded TP Android_ATCTargetPlatform
[2016.04.04-12.56.15:672][  0]LogTemp:Display: Loaded TP Android_DXTTargetPlatform
[2016.04.04-12.56.15:674][  0]LogTemp:Display: Loaded TP Android_ETC1TargetPlatform
[2016.04.04-12.56.15:676][  0]LogTemp:Display: Loaded TP Android_ETC2TargetPlatform
[2016.04.04-12.56.15:681][  0]LogTemp:Display: Loaded TP Android_MultiTargetPlatform
[2016.04.04-12.56.15:681][  0]LogTemp:Display: Loaded TP Android_PVRTCTargetPlatform
[2016.04.04-12.56.15:682][  0]LogTemp:Display: Loaded TP HTML5TargetPlatform
[2016.04.04-12.56.15:696][  0]LogTemp:Display: Loaded TP IOSTargetPlatform
[2016.04.04-12.56.15:698][  0]LogTemp:Display: Loaded TP LinuxNoEditorTargetPlatform
[2016.04.04-12.56.15:700][  0]LogTemp:Display: Loaded TP LinuxServerTargetPlatform
[2016.04.04-12.56.15:703][  0]LogTemp:Display: Loaded TP LinuxTargetPlatform
[2016.04.04-12.56.15:703][  0]LogTargetPlatformManager:Display: Building Assets For Windows
[2016.04.04-12.56.15:761][  0]LogDerivedDataCache:Display: Max Cache Size: 512 MB
[2016.04.04-12.56.15:796][  0]LogDerivedDataCache: Loaded boot cache 0.03s 41MB C:/Users/Ross Hawkins/AppData/Local/UnrealEngine/4.10/DerivedDataCache/Boot.ddc.
[2016.04.04-12.56.15:796][  0]LogDerivedDataCache:Display: Loaded Boot cache: C:/Users/Ross Hawkins/AppData/Local/UnrealEngine/4.10/DerivedDataCache/Boot.ddc
[2016.04.04-12.56.15:796][  0]LogDerivedDataCache: FDerivedDataBackendGraph:  Pak pak cache file ../../../../../../My Documents/new repo/BadWizard/DerivedDataCache/DDC.ddp not found, will not use a pak cache.
[2016.04.04-12.56.15:796][  0]LogDerivedDataCache: Unable to find inner node Pak for hierarchical cache Hierarchy.
[2016.04.04-12.56.15:796][  0]LogDerivedDataCache: FDerivedDataBackendGraph:  CompressedPak pak cache file ../../../../../../My Documents/new repo/BadWizard/DerivedDataCache/Compressed.ddp not found, will not use a pak cache.
[2016.04.04-12.56.15:796][  0]LogDerivedDataCache: Unable to find inner node CompressedPak for hierarchical cache Hierarchy.
[2016.04.04-12.56.15:842][  0]LogDerivedDataCache:Display: Pak cache opened for reading ../../../Engine/DerivedDataCache/Compressed.ddp.
[2016.04.04-12.56.15:854][  0]LogDerivedDataCache: Using Local data cache path C:/Users/Ross Hawkins/AppData/Local/UnrealEngine/Common/DerivedDataCache: Writable
[2016.04.04-12.56.15:979][  0]LogInit: Selected Device Profile: [Windows]
[2016.04.04-12.56.15:980][  0]LogContentStreaming: Texture pool size is 0.000000MB
[2016.04.04-12.56.16:006][  0]LogMeshUtilities: No automatic mesh reduction module available
[2016.04.04-12.56.16:006][  0]LogMeshUtilities: No automatic mesh merging module available
[2016.04.04-12.56.16:260][  0]LogInit: WinSock: version 1.1 (2.2), MaxSocks=32767, MaxUdp=65467
[2016.04.04-12.56.16:944][  0]LogAssetRegistry: FAssetRegistry took 0.0101 seconds to start up
[2016.04.04-12.56.16:956][  0]UdpMessaging: Initializing bridge on interface 0.0.0.0:0 to multicast group 230.0.0.1:6666.
[2016.04.04-12.56.17:156][  0]SourceControl: Info Source control is disabled
[2016.04.04-12.56.18:592][  0]LogObj: 28802 objects as part of root set at end of initial load.
[2016.04.04-12.56.18:592][  0]LogUObjectAllocator: 6129776 out of 0 bytes used by permanent object pool.
[2016.04.04-12.56.18:637][  0]LogEngine: Initializing Engine...
[2016.04.04-12.56.18:639][  0]LogHMD: Can't find Oculus library dev build: is proper Runtime installed? Version: 0.8.0.0
[2016.04.04-12.56.18:640][  0]LogHMD: SteamVR failed to initialize.  Err: 110
[2016.04.04-12.56.18:740][  0]LogAIModule: Creating AISystem for world NewWorld
[2016.04.04-12.56.18:750][  0]LogInit: XAudio2 using 'Speakers (Realtek High Definition Audio)' : 2 channels at 48 kHz using 32 bits per sample (channel mask 0x3)
[2016.04.04-12.56.18:761][  0]LogInit: FAudioDevice initialized.
[2016.04.04-12.56.18:779][  0]LogDerivedDataCache: Saved boot cache 0.02s 41MB C:/Users/Ross Hawkins/AppData/Local/UnrealEngine/4.10/DerivedDataCache/Boot.ddc.
[2016.04.04-12.56.18:782][  0]LogInit: Texture streaming: Enabled
[2016.04.04-12.56.18:785][  0]LogAnalytics: Creating configured Analytics provider AnalyticsET
[2016.04.04-12.56.18:785][  0]LogAnalytics: [UEEditor.Rocket.Release] APIServer = http://et2.epicgames.com/ET2/. AppVersion = 4.10.4-2872498+++depot+UE4-Releases+4.10
[2016.04.04-12.56.18:785][  0]LogAnalytics: [UEEditor.Rocket.Release] SetUserId 722911d84349323c6aacefafd1bd78ee|7d4570378c82483d8fdbadf1b63acd9b|c5ac7cf0-4c9e-4581-abde-44f9fe2b6a2f
[2016.04.04-12.56.18:785][  0]LogAnalytics: [UEEditor.Rocket.Release] AnalyticsET::StartSession
[2016.04.04-12.56.18:796][  0]LogInit: Transaction tracking system initialized
[2016.04.04-12.56.18:815][  0]BlueprintLog: New page: Editor Load
[2016.04.04-12.56.18:868][  0]LocalizationService: Info Localization service is disabled
[2016.04.04-12.56.18:926][  0]LogConsoleResponse:Display: 
[2016.04.04-12.56.19:020][  0]LogCook:Display: Done creating registry. It took  0.00s.
[2016.04.04-12.56.19:467][  0]LogFileCache: Scanning file cache for directory 'M:/My Documents/new repo/BadWizard/Content/' took 0.02s
[2016.04.04-12.56.19:467][  0]Cmd: MAP LOAD FILE="../../../../../../My Documents/new repo/BadWizard/Content/FirstPersonBP/Maps/NewMap2.umap" TEMPLATE=0 SHOWPROGRESS=1 FEATURELEVEL=3
[2016.04.04-12.56.19:468][  0]LightingResults: New page: Lighting Build
[2016.04.04-12.56.19:470][  0]MapCheck: New page: Map Check
[2016.04.04-12.56.19:470][  0]LightingResults: New page: Lighting Build
[2016.04.04-12.56.19:479][  0]LogParticles: Destroying 0 GPU particle simulations for FXSystem 0x0000000025AC9620
[2016.04.04-12.56.19:790][  0]LogLinker:Warning: Asset '../../../../../../My Documents/new repo/BadWizard/Content/FirstPerson/Meshes/FirstPersonProjectileMesh.uasset' has been saved with empty engine version. The asset will be loaded but may be incompatible.
[2016.04.04-12.56.21:028][  0]LogBlueprint:Warning: [compiler WizardPlayer] Warning 'Item' is already a 'Player Start', you don't need  Cast To PlayerStart .
[2016.04.04-12.56.21:028][  0]LogBlueprint:Warning: [compiler WizardPlayer] Warning 'Item' is already a 'Player Start', you don't need  Cast To PlayerStart .
[2016.04.04-12.56.21:044][  0]LogBlueprint:Warning: [compiler WizardPlayer] Warning [0006.85] Compile of WizardPlayer successful, but with 2 Warning(s) [in 72 ms]
[2016.04.04-12.56.21:046][  0]LogBlueprint:Warning: [compiler WizardPlayer] Warning [0006.85] Compile of WizardPlayer successful, but with 3 Warning(s) [in 2 ms]
[2016.04.04-12.56.21:046][  0]LogBlueprint:Warning: [compiler WizardPlayer] Warning [0006.85] Compile of WizardPlayer successful, but with 4 Warning(s) [in 0 ms]
[2016.04.04-12.56.21:255][  0]LogBlueprint:Warning: [compiler WizardPlayer] Warning 'Item' is already a 'Player Start', you don't need  Cast To PlayerStart .
[2016.04.04-12.56.21:255][  0]LogBlueprint:Warning: [compiler WizardPlayer] Warning 'Item' is already a 'Player Start', you don't need  Cast To PlayerStart .
[2016.04.04-12.56.21:274][  0]LogBlueprint:Warning: [compiler WizardPlayer] Warning [0007.08] Compile of WizardPlayer successful, but with 2 Warning(s) [in 74 ms]
[2016.04.04-12.56.21:274][  0]LogBlueprint:Warning: [compiler WizardPlayer] Warning [0007.08] Compile of WizardPlayer successful, but with 3 Warning(s) [in 0 ms]
[2016.04.04-12.56.21:277][  0]LogBlueprint:Warning: [compiler WizardPlayer] Warning [0007.08] Compile of WizardPlayer successful, but with 4 Warning(s) [in 3 ms]
[2016.04.04-12.56.23:097][  0]LogAIModule: Creating AISystem for world NewMap2
[2016.04.04-12.56.23:138][  0]LogEditorServer: Finished looking for orphan Actors (0.000 secs)
[2016.04.04-12.56.23:140][  0]Cmd: MAP CHECKDEP NOCLEARLOG
[2016.04.04-12.56.23:226][  0]MapCheck: Info Map check complete: 0 Error(s), 0 Warning(s), took 86.761ms to complete.
[2016.04.04-12.56.23:227][  0]LogFileHelpers: Loading map 'NewMap2' took 3.759
[2016.04.04-12.56.23:323][  0]LogCollectionManager: Loaded 0 collections in 0.001463 seconds
[2016.04.04-12.56.23:350][  0]LogFileCache: Scanning file cache for directory 'M:/My Documents/new repo/BadWizard/Saved/Collections/' took 0.01s
[2016.04.04-12.56.23:350][  0]LogFileCache: Scanning file cache for directory 'M:/My Documents/new repo/BadWizard/Content/Developers/RossHawkins/Collections/' took 0.01s
[2016.04.04-12.56.23:350][  0]LogFileCache: Scanning file cache for directory 'M:/My Documents/new repo/BadWizard/Content/Collections/' took 0.00s
[2016.04.04-12.56.23:350][  0]LogCollectionManager: Rebuilt the GUID cache for 0 collections in 0.000001 seconds
[2016.04.04-12.56.23:356][  0]LogContentBrowser: Native class hierarchy populated in 0.0063 seconds. Added 1908 classes and 344 folders.
[2016.04.04-12.56.23:366][  0]LogContentBrowser: Native class hierarchy updated for 'WidgetCarousel' in 0.0004 seconds. Added 0 classes and 0 folders.
[2016.04.04-12.56.23:407][  0]LogContentBrowser: Native class hierarchy updated for 'AddContentDialog' in 0.0003 seconds. Added 0 classes and 0 folders.
[2016.04.04-12.56.23:428][  0]LogContentBrowser: Native class hierarchy updated for 'SceneOutliner' in 0.0003 seconds. Added 1 classes and 2 folders.
[2016.04.04-12.56.23:434][  0]LogContentBrowser: Native class hierarchy updated for 'WorldBrowser' in 0.0003 seconds. Added 1 classes and 3 folders.
[2016.04.04-12.56.23:513][  0]LogCrashTracker: Crashtracker disabled due to settings.
[2016.04.04-12.56.23:516][  0]LogUObjectGlobals:Warning: Failed to find object 'Class None.'
[2016.04.04-12.56.23:537][  0]LogLoad: Full Startup: 9.34 seconds (BP compile: 1.22 seconds)
[2016.04.04-12.56.23:550][  0]LogOcInput: Can't find Oculus library dev build: is proper Runtime installed? Version: 0.8.0.0
[2016.04.04-12.56.23:609][  0]SourceControl: Info On branch master
[2016.04.04-12.56.23:609][  0]SourceControl: Info Your branch and 'origin/master' have diverged,
[2016.04.04-12.56.23:609][  0]SourceControl: Info and have 4 and 1 different commit each, respectively.
[2016.04.04-12.56.23:609][  0]SourceControl: Info   (use "git pull" to merge the remote branch into yours)
[2016.04.04-12.56.23:609][  0]SourceControl: Info You have unmerged paths.
[2016.04.04-12.56.23:609][  0]SourceControl: Info   (fix conflicts and run "git commit")
[2016.04.04-12.56.23:609][  0]SourceControl: Info Changes to be committed:
[2016.04.04-12.56.23:609][  0]SourceControl: Info 	new file:   Saved/Logs/BadWizard-backup-2016.04.03-17.10.48.log
[2016.04.04-12.56.23:609][  0]SourceControl: Info Unmerged paths:
[2016.04.04-12.56.23:609][  0]SourceControl: Info   (use "git add <file>..." to mark resolution)
[2016.04.04-12.56.23:609][  0]SourceControl: Info 	both modified:   Intermediate/CachedAssetRegistry.bin
[2016.04.04-12.56.23:609][  0]SourceControl: Info 	both modified:   Intermediate/Config/CoalescedSourceConfigs/Engine.ini
[2016.04.04-12.56.23:609][  0]SourceControl: Info 	both modified:   Saved/AutoScreenshot.png
[2016.04.04-12.56.23:609][  0]SourceControl: Info 	both modified:   Saved/Config/Windows/Editor.ini
[2016.04.04-12.56.23:609][  0]SourceControl: Info 	both modified:   Saved/Config/Windows/EditorPerProjectUserSettings.ini
[2016.04.04-12.56.23:609][  0]SourceControl: Info 	both modified:   Saved/Logs/BadWizard.log
[2016.04.04-12.56.23:609][  0]SourceControl: Info Changes not staged for commit:
[2016.04.04-12.56.23:609][  0]SourceControl: Info   (use "git add <file>..." to update what will be committed)
[2016.04.04-12.56.23:609][  0]SourceControl: Info   (use "git checkout -- <file>..." to discard changes in working directory)
[2016.04.04-12.56.23:609][  0]SourceControl: Info 	modified:   Saved/Config/Windows/Engine.ini
[2016.04.04-12.56.23:609][  0]LogContentStreaming: Texture pool size now 1000 MB
[2016.04.04-12.56.23:735][  0]LogRenderer: Reallocating scene render targets to support 1264x620 (Frame:2).
[2016.04.04-12.56.23:795][  1]LogFileCache: Retrieving MD5 hashes for directory 'M:/My Documents/new repo/BadWizard/Content/' took 0.24s
[2016.04.04-12.56.24:685][ 21]LogAssetRegistry: Asset discovery search completed in 7.7510 seconds
[2016.04.04-12.56.24:685][ 21]LogCollectionManager: Rebuilt the object cache for 0 collections in 0.000001 seconds (found 0 objects)
[2016.04.04-12.56.24:685][ 21]LogCollectionManager: Fixed up redirectors for 0 collections in 0.000016 seconds (updated 0 objects)
[2016.04.04-12.56.39:412][145]LogActorComponent: UnregisterComponent: (/Engine/Transient.CharMoveComp) Not registered. Aborting.
[2016.04.04-12.56.39:412][145]LogActorComponent: UnregisterComponent: (/Engine/Transient.CharacterMovementComponent_0) Not registered. Aborting.
[2016.04.04-12.56.39:412][145]LogActorComponent: UnregisterComponent: (/Engine/Transient.PawnSensing_GEN_VARIABLE) Not registered. Aborting.
[2016.04.04-12.56.39:412][145]LogActorComponent: UnregisterComponent: (/Engine/Transient.CharacterMovementComponent_1) Not registered. Aborting.
[2016.04.04-12.56.39:413][145]LogActorComponent: UnregisterComponent: (/Engine/Transient.PawnSensingComponent_0) Not registered. Aborting.
[2016.04.04-12.56.39:891][146]Cmd: QUIT_EDITOR
[2016.04.04-12.56.40:038][146]LogExit: Preparing to exit.
[2016.04.04-12.56.41:018][146]LogExit: Editor shut down
[2016.04.04-12.56.41:018][146]LogExit: Transaction tracking system shut down
[2016.04.04-12.56.41:022][146]LogParticles: Destroying 0 GPU particle simulations for FXSystem 0x00000000361A72E0
[2016.04.04-12.56.41:023][146]LogParticles: Destroying 0 GPU particle simulations for FXSystem 0x0000000042302C00
[2016.04.04-12.56.41:023][146]LogParticles: Destroying 0 GPU particle simulations for FXSystem 0x000000004032C0E0
[2016.04.04-12.56.41:023][146]LogParticles: Destroying 0 GPU particle simulations for FXSystem 0x00000000489254E0
[2016.04.04-12.56.41:159][146]LogExit: Object subsystem successfully closed.
[2016.04.04-12.56.41:173][146]LogD3D11RHI: Shutdown
[2016.04.04-12.56.41:173][146]LogD3D11RHI: CleanupD3DDevice
[2016.04.04-12.56.41:235][146]LogD3D11RHI: ~FD3D11DynamicRHI
[2016.04.04-12.56.41:247][146]LogModuleManager: Shutting down and abandoning module CrashTracker (201)
[2016.04.04-12.56.41:247][146]LogModuleManager: Shutting down and abandoning module WorldBrowser (200)
[2016.04.04-12.56.41:247][146]LogModuleManager: Shutting down and abandoning module SceneOutliner (199)
[2016.04.04-12.56.41:247][146]LogModuleManager: Shutting down and abandoning module SuperSearch (198)
[2016.04.04-12.56.41:247][146]LogModuleManager: Shutting down and abandoning module WidgetCarousel (197)
[2016.04.04-12.56.41:247][146]LogModuleManager: Shutting down and abandoning module AddContentDialog (196)
[2016.04.04-12.56.41:248][146]LogModuleManager: Shutting down and abandoning module EditorWidgets (195)
[2016.04.04-12.56.41:248][146]LogModuleManager: Shutting down and abandoning module CollectionManager (194)
[2016.04.04-12.56.41:248][146]LogModuleManager: Shutting down and abandoning module StatsViewer (193)
[2016.04.04-12.56.41:248][146]LogModuleManager: Shutting down and abandoning module FoliageEdit (192)
[2016.04.04-12.56.41:248][146]LogModuleManager: Shutting down and abandoning module LandscapeEditor (191)
[2016.04.04-12.56.41:249][146]LogModuleManager: Shutting down and abandoning module ActorPickerMode (190)
[2016.04.04-12.56.41:249][146]LogModuleManager: Shutting down and abandoning module GeometryMode (189)
[2016.04.04-12.56.41:249][146]LogModuleManager: Shutting down and abandoning module TextureAlignMode (188)
[2016.04.04-12.56.41:249][146]LogModuleManager: Shutting down and abandoning module BspMode (187)
[2016.04.04-12.56.41:249][146]LogModuleManager: Shutting down and abandoning module PlacementMode (186)
[2016.04.04-12.56.41:249][146]LogModuleManager: Shutting down and abandoning module AutomationWorker (185)
[2016.04.04-12.56.41:249][146]LogModuleManager: Shutting down and abandoning module CharacterAI (184)
[2016.04.04-12.56.41:249][146]LogModuleManager: Shutting down and abandoning module SmartSnapping (183)
[2016.04.04-12.56.41:249][146]LogModuleManager: Shutting down and abandoning module ViewportSnapping (182)
[2016.04.04-12.56.41:249][146]LogModuleManager: Shutting down and abandoning module LogVisualizer (181)
[2016.04.04-12.56.41:249][146]LogModuleManager: Shutting down and abandoning module GameProjectGeneration (180)
[2016.04.04-12.56.41:249][146]LogModuleManager: Shutting down and abandoning module IntroTutorials (179)
[2016.04.04-12.56.41:249][146]LogModuleManager: Shutting down and abandoning module EditorLiveStreaming (178)
[2016.04.04-12.56.41:249][146]LogModuleManager: Shutting down and abandoning module IOSPlatformEditor (177)
[2016.04.04-12.56.41:249][146]LogModuleManager: Shutting down and abandoning module HTML5PlatformEditor (176)
[2016.04.04-12.56.41:249][146]LogModuleManager: Shutting down and abandoning module AndroidDeviceDetection (175)
[2016.04.04-12.56.41:897][146]LogModuleManager: Shutting down and abandoning module AndroidPlatformEditor (174)
[2016.04.04-12.56.41:897][146]LogModuleManager: Shutting down and abandoning module IOSRuntimeSettings (173)
[2016.04.04-12.56.41:897][146]LogModuleManager: Shutting down and abandoning module AndroidRuntimeSettings (172)
[2016.04.04-12.56.41:897][146]LogModuleManager: Shutting down and abandoning module MergeActors (171)
[2016.04.04-12.56.41:897][146]LogModuleManager: Shutting down and abandoning module SizeMap (170)
[2016.04.04-12.56.41:897][146]LogModuleManager: Shutting down and abandoning module TreeMap (169)
[2016.04.04-12.56.41:897][146]LogModuleManager: Shutting down and abandoning module ReferenceViewer (168)
[2016.04.04-12.56.41:897][146]LogModuleManager: Shutting down and abandoning module LocalizationService (167)
[2016.04.04-12.56.41:897][146]LogModuleManager: Shutting down and abandoning module LocalizationDashboard (166)
[2016.04.04-12.56.41:897][146]LogModuleManager: Shutting down and abandoning module HardwareTargeting (165)
[2016.04.04-12.56.41:897][146]LogModuleManager: Shutting down and abandoning module DeviceProfileEditor (164)
[2016.04.04-12.56.41:897][146]LogModuleManager: Shutting down and abandoning module UndoHistory (163)
[2016.04.04-12.56.41:897][146]LogModuleManager: Shutting down and abandoning module GameplayTagsEditor (162)
[2016.04.04-12.56.41:897][146]LogModuleManager: Shutting down and abandoning module UserFeedback (161)
[2016.04.04-12.56.41:897][146]LogModuleManager: Shutting down and abandoning module XmlParser (160)
[2016.04.04-12.56.41:897][146]LogModuleManager: Shutting down and abandoning module Blutility (159)
[2016.04.04-12.56.41:897][146]LogModuleManager: Shutting down and abandoning module ProjectTargetPlatformEditor (158)
[2016.04.04-12.56.41:897][146]LogModuleManager: Shutting down and abandoning module ProjectSettingsViewer (157)
[2016.04.04-12.56.41:897][146]LogModuleManager: Shutting down and abandoning module InputBindingEditor (156)
[2016.04.04-12.56.41:897][146]LogModuleManager: Shutting down and abandoning module EditorSettingsViewer (155)
[2016.04.04-12.56.41:897][146]LogModuleManager: Shutting down and abandoning module SettingsEditor (154)
[2016.04.04-12.56.41:897][146]LogModuleManager: Shutting down and abandoning module ProjectLauncher (153)
[2016.04.04-12.56.41:897][146]LogModuleManager: Shutting down and abandoning module SessionFrontend (152)
[2016.04.04-12.56.41:897][146]LogModuleManager: Shutting down and abandoning module ProfilerClient (151)
[2016.04.04-12.56.41:897][146]LogModuleManager: Shutting down and abandoning module TargetDeviceServices (150)
[2016.04.04-12.56.41:897][146]LogModuleManager: Shutting down and abandoning module DeviceManager (149)
[2016.04.04-12.56.41:897][146]LogModuleManager: Shutting down and abandoning module AutomationController (148)
[2016.04.04-12.56.41:897][146]LogModuleManager: Shutting down and abandoning module AutomationWindow (147)
[2016.04.04-12.56.41:897][146]LogModuleManager: Shutting down and abandoning module Layers (146)
[2016.04.04-12.56.41:898][146]LogModuleManager: Shutting down and abandoning module ComponentVisualizers (145)
[2016.04.04-12.56.41:898][146]LogModuleManager: Shutting down and abandoning module DetailCustomizations (144)
[2016.04.04-12.56.41:898][146]LogModuleManager: Shutting down and abandoning module PackagesDialog (143)
[2016.04.04-12.56.41:898][146]LogModuleManager: Shutting down and abandoning module Persona (142)
[2016.04.04-12.56.41:898][146]LogModuleManager: Shutting down and abandoning module Kismet (141)
[2016.04.04-12.56.41:898][146]LogModuleManager: Shutting down and abandoning module GraphEditor (140)
[2016.04.04-12.56.41:898][146]LogModuleManager: Shutting down and abandoning module ClassViewer (139)
[2016.04.04-12.56.41:898][146]LogModuleManager: Shutting down and abandoning module Toolbox (138)
[2016.04.04-12.56.41:898][146]LogModuleManager: Shutting down and abandoning module ModuleUI (137)
[2016.04.04-12.56.41:898][146]LogModuleManager: Shutting down and abandoning module MovieSceneTools (136)
[2016.04.04-12.56.41:898][146]LogModuleManager: Shutting down and abandoning module OutputLog (135)
[2016.04.04-12.56.41:898][146]LogModuleManager: Shutting down and abandoning module GammaUI (134)
[2016.04.04-12.56.41:898][146]LogModuleManager: Shutting down and abandoning module Documentation (133)
[2016.04.04-12.56.41:898][146]LogModuleManager: Shutting down and abandoning module GameLiveStreaming (132)
[2016.04.04-12.56.41:898][146]LogModuleManager: Shutting down and abandoning module StreamingPauseRendering (131)
[2016.04.04-12.56.41:898][146]LogModuleManager: Shutting down and abandoning module AnalyticsET (130)
[2016.04.04-12.56.41:898][146]LogModuleManager: Shutting down and abandoning module Analytics (129)
[2016.04.04-12.56.41:898][146]LogModuleManager: Shutting down and abandoning module AITestSuite (128)
[2016.04.04-12.56.41:898][146]LogModuleManager: Shutting down and abandoning module GameplayDebugger (127)
[2016.04.04-12.56.41:898][146]LogModuleManager: Shutting down and abandoning module AIModule (126)
[2016.04.04-12.56.41:898][146]LogModuleManager: Shutting down and abandoning module ProfilerService (125)
[2016.04.04-12.56.42:102][146]LogModuleManager: Shutting down and abandoning module TaskGraph (124)
[2016.04.04-12.56.42:102][146]LogModuleManager: Shutting down and abandoning module SubstanceEditor (123)
[2016.04.04-12.56.42:102][146]LogModuleManager: Shutting down and abandoning module SlateRemote (122)
[2016.04.04-12.56.42:102][146]LogModuleManager: Shutting down and abandoning module SteamVRController (121)
[2016.04.04-12.56.42:102][146]LogModuleManager: Shutting down and abandoning module SteamVR (120)
[2016.04.04-12.56.42:102][146]LogModuleManager: Shutting down and abandoning module ProceduralMeshComponent (119)
[2016.04.04-12.56.42:102][146]LogModuleManager: Shutting down and abandoning module OculusLibrary (118)
[2016.04.04-12.56.42:102][146]LogModuleManager: Shutting down and abandoning module OculusInput (117)
[2016.04.04-12.56.42:102][146]LogModuleManager: Shutting down and abandoning module LeapMotionController (116)
[2016.04.04-12.56.42:116][146]LogModuleManager: Shutting down and abandoning module CustomMeshComponent (115)
[2016.04.04-12.56.42:116][146]LogModuleManager: Shutting down and abandoning module CableComponent (114)
[2016.04.04-12.56.42:116][146]LogModuleManager: Shutting down and abandoning module ArchVisCharacter (113)
[2016.04.04-12.56.42:116][146]LogModuleManager: Shutting down and abandoning module MessagingDebugger (112)
[2016.04.04-12.56.42:116][146]LogModuleManager: Shutting down and abandoning module MediaPlayerEditor (111)
[2016.04.04-12.56.42:116][146]LogModuleManager: Shutting down and abandoning module HTML5Networking (110)
[2016.04.04-12.56.42:116][146]LogModuleManager: Shutting down and abandoning module SpeedTreeImporter (109)
[2016.04.04-12.56.42:116][146]LogModuleManager: Shutting down and abandoning module PluginBrowser (108)
[2016.04.04-12.56.42:116][146]LogModuleManager: Shutting down and abandoning module EpicSurvey (107)
[2016.04.04-12.56.42:116][146]LogModuleManager: Shutting down and abandoning module DesktopPlatform (106)
[2016.04.04-12.56.42:116][146]LogModuleManager: Shutting down and abandoning module VisualStudioSourceCodeAccess (105)
[2016.04.04-12.56.42:116][146]LogModuleManager: Shutting down and abandoning module UObjectPlugin (104)
[2016.04.04-12.56.42:116][146]LogModuleManager: Shutting down and abandoning module SubversionSourceControl (103)
[2016.04.04-12.56.42:116][146]LogModuleManager: Shutting down and abandoning module PerforceSourceControl (102)
[2016.04.04-12.56.42:116][146]LogModuleManager: Shutting down and abandoning module SourceControl (101)
[2016.04.04-12.56.42:116][146]LogModuleManager: Shutting down and abandoning module GitSourceControl (100)
[2016.04.04-12.56.42:116][146]LogModuleManager: Shutting down and abandoning module LightPropagationVolumeEditor (99)
[2016.04.04-12.56.42:116][146]LogModuleManager: Shutting down and abandoning module PaperTiledImporter (98)
[2016.04.04-12.56.42:116][146]LogModuleManager: Shutting down and abandoning module PaperSpriteSheetImporter (97)
[2016.04.04-12.56.42:116][146]LogModuleManager: Shutting down and abandoning module MeshPaint (96)
[2016.04.04-12.56.42:116][146]LogModuleManager: Shutting down and abandoning module SlateReflector (95)
[2016.04.04-12.56.42:116][146]LogModuleManager: Shutting down and abandoning module HotReload (94)
[2016.04.04-12.56.42:117][146]LogModuleManager: Shutting down and abandoning module MainFrame (93)
[2016.04.04-12.56.42:117][146]LogModuleManager: Shutting down and abandoning module LevelEditor (92)
[2016.04.04-12.56.42:117][146]LogModuleManager: Shutting down and abandoning module ContentBrowser (91)
[2016.04.04-12.56.42:118][146]LogModuleManager: Shutting down and abandoning module Paper2DEditor (90)
[2016.04.04-12.56.42:118][146]LogModuleManager: Shutting down and abandoning module UdpMessaging (89)
[2016.04.04-12.56.42:219][146]LogModuleManager: Shutting down and abandoning module DirectoryWatcher (88)
[2016.04.04-12.56.42:219][146]LogModuleManager: Shutting down and abandoning module AssetRegistry (87)
[2016.04.04-12.56.42:374][146]LogModuleManager: Shutting down and abandoning module SubstanceCore (86)
[2016.04.04-12.56.42:375][146]LogModuleManager: Shutting down and abandoning module LightPropagationVolumeRuntime (85)
[2016.04.04-12.56.42:375][146]LogModuleManager: Shutting down and abandoning module Paper2D (84)
[2016.04.04-12.56.42:375][146]LogModuleManager: Shutting down and abandoning module WindowsMoviePlayer (83)
[2016.04.04-12.56.42:378][146]LogModuleManager: Shutting down and abandoning module Media (82)
[2016.04.04-12.56.42:378][146]LogModuleManager: Shutting down and abandoning module WmfMedia (81)
[2016.04.04-12.56.42:379][146]LogModuleManager: Shutting down and abandoning module OnlineBlueprintSupport (80)
[2016.04.04-12.56.42:379][146]LogModuleManager: Shutting down and abandoning module GameplayTasksEditor (79)
[2016.04.04-12.56.42:379][146]LogModuleManager: Shutting down and abandoning module PropertyEditor (78)
[2016.04.04-12.56.42:379][146]LogModuleManager: Shutting down and abandoning module BehaviorTreeEditor (77)
[2016.04.04-12.56.42:379][146]LogModuleManager: Shutting down and abandoning module FunctionalTesting (76)
[2016.04.04-12.56.42:379][146]LogModuleManager: Shutting down and abandoning module CollisionAnalyzer (75)
[2016.04.04-12.56.42:379][146]LogModuleManager: Shutting down and abandoning module WorkspaceMenuStructure (74)
[2016.04.04-12.56.42:379][146]LogModuleManager: Shutting down and abandoning module MessageLog (73)
[2016.04.04-12.56.42:379][146]LogModuleManager: Shutting down and abandoning module Sequencer (72)
[2016.04.04-12.56.42:379][146]LogModuleManager: Shutting down and abandoning module AssetTools (71)
[2016.04.04-12.56.42:379][146]LogModuleManager: Shutting down and abandoning module UMGEditor (70)
[2016.04.04-12.56.42:379][146]LogModuleManager: Shutting down and abandoning module UMG (69)
[2016.04.04-12.56.42:379][146]LogModuleManager: Shutting down and abandoning module Slate (68)
[2016.04.04-12.56.42:379][146]LogModuleManager: Shutting down and abandoning module EditorStyle (67)
[2016.04.04-12.56.42:380][146]LogModuleManager: Shutting down and abandoning module SessionServices (66)
[2016.04.04-12.56.42:380][146]LogModuleManager: Shutting down and abandoning module SourceCodeAccess (65)
[2016.04.04-12.56.42:380][146]LogModuleManager: Shutting down and abandoning module HeadMountedDisplay (64)
[2016.04.04-12.56.42:380][146]LogModuleManager: Shutting down and abandoning module XAudio2 (63)
[2016.04.04-12.56.42:380][146]LogModuleManager: Shutting down and abandoning module Networking (61)
[2016.04.04-12.56.42:380][146]LogModuleManager: Shutting down and abandoning module Core (60)
[2016.04.04-12.56.42:380][146]LogModuleManager: Shutting down and abandoning module KismetCompiler (59)
[2016.04.04-12.56.42:380][146]LogModuleManager: Shutting down and abandoning module PhysXFormats (58)
[2016.04.04-12.56.42:380][146]LogModuleManager: Shutting down and abandoning module MeshUtilities (57)
[2016.04.04-12.56.42:380][146]LogModuleManager: Shutting down and abandoning module DerivedDataCache (56)
[2016.04.04-12.56.42:858][146]LogDerivedDataCache: Shutdown
[2016.04.04-12.56.42:858][146]LogModuleManager: Shutting down and abandoning module ShaderFormatOpenGL (55)
[2016.04.04-12.56.42:858][146]LogModuleManager: Shutting down and abandoning module ShaderFormatD3D (54)
[2016.04.04-12.56.42:858][146]LogModuleManager: Shutting down and abandoning module MetalShaderFormat (53)
[2016.04.04-12.56.42:858][146]LogModuleManager: Shutting down and abandoning module TextureFormatUncompressed (52)
[2016.04.04-12.56.42:858][146]LogModuleManager: Shutting down and abandoning module TextureFormatPVR (51)
[2016.04.04-12.56.42:858][146]LogModuleManager: Shutting down and abandoning module TextureFormatIntelISPCTexComp (50)
[2016.04.04-12.56.42:858][146]LogModuleManager: Shutting down and abandoning module TextureFormatDXT (49)
[2016.04.04-12.56.42:858][146]LogModuleManager: Shutting down and abandoning module ImageWrapper (48)
[2016.04.04-12.56.42:858][146]LogModuleManager: Shutting down and abandoning module TextureFormatASTC (47)
[2016.04.04-12.56.42:858][146]LogModuleManager: Shutting down and abandoning module TextureFormatAndroid (46)
[2016.04.04-12.56.42:858][146]LogModuleManager: Shutting down and abandoning module AudioFormatOpus (45)
[2016.04.04-12.56.42:858][146]LogModuleManager: Shutting down and abandoning module AudioFormatOgg (44)
[2016.04.04-12.56.42:858][146]LogModuleManager: Shutting down and abandoning module AudioFormatADPCM (43)
[2016.04.04-12.56.42:858][146]LogModuleManager: Shutting down and abandoning module LinuxTargetPlatform (42)
[2016.04.04-12.56.42:858][146]LogModuleManager: Shutting down and abandoning module LinuxServerTargetPlatform (41)
[2016.04.04-12.56.42:858][146]LogModuleManager: Shutting down and abandoning module LinuxNoEditorTargetPlatform (40)
[2016.04.04-12.56.42:858][146]LogModuleManager: Shutting down and abandoning module Messaging (39)
[2016.04.04-12.56.42:858][146]LogModuleManager: Shutting down and abandoning module IOSTargetPlatform (38)
[2016.04.04-12.56.42:859][146]LogModuleManager: Shutting down and abandoning module HTML5TargetPlatform (37)
[2016.04.04-12.56.42:859][146]LogModuleManager: Shutting down and abandoning module Android_PVRTCTargetPlatform (36)
[2016.04.04-12.56.42:859][146]LogModuleManager: Shutting down and abandoning module Android_MultiTargetPlatform (35)
[2016.04.04-12.56.42:859][146]LogModuleManager: Shutting down and abandoning module Android_ETC2TargetPlatform (34)
[2016.04.04-12.56.42:859][146]LogModuleManager: Shutting down and abandoning module Android_ETC1TargetPlatform (33)
[2016.04.04-12.56.42:859][146]LogModuleManager: Shutting down and abandoning module Android_DXTTargetPlatform (32)
[2016.04.04-12.56.42:859][146]LogModuleManager: Shutting down and abandoning module Android_ATCTargetPlatform (31)
[2016.04.04-12.56.42:859][146]LogModuleManager: Shutting down and abandoning module Android_ASTCTargetPlatform (30)
[2016.04.04-12.56.42:859][146]LogModuleManager: Shutting down and abandoning module AndroidTargetPlatform (29)
[2016.04.04-12.56.42:859][146]LogModuleManager: Shutting down and abandoning module WindowsTargetPlatform (28)
[2016.04.04-12.56.42:859][146]LogModuleManager: Shutting down and abandoning module WindowsServerTargetPlatform (27)
[2016.04.04-12.56.42:859][146]LogModuleManager: Shutting down and abandoning module WindowsNoEditorTargetPlatform (26)
[2016.04.04-12.56.42:859][146]LogModuleManager: Shutting down and abandoning module WindowsClientTargetPlatform (25)
[2016.04.04-12.56.42:859][146]LogModuleManager: Shutting down and abandoning module AllDesktopTargetPlatform (24)
[2016.04.04-12.56.42:859][146]LogModuleManager: Shutting down and abandoning module TargetPlatform (23)
[2016.04.04-12.56.42:859][146]LogModuleManager: Shutting down and abandoning module InputCore (22)
[2016.04.04-12.56.42:859][146]LogModuleManager: Shutting down and abandoning module Settings (21)
[2016.04.04-12.56.42:859][146]LogModuleManager: Shutting down and abandoning module OnlineSubsystem (19)
[2016.04.04-12.56.42:859][146]LogModuleManager: Shutting down and abandoning module HTTP (18)
[2016.04.04-12.56.44:859][146]LogModuleManager: Shutting down and abandoning module XMPP (17)
[2016.04.04-12.56.44:859][146]LogModuleManager: Shutting down and abandoning module OculusRift (16)
[2016.04.04-12.56.44:859][146]LogModuleManager: Shutting down and abandoning module ExampleDeviceProfileSelector (15)
[2016.04.04-12.56.44:859][146]LogModuleManager: Shutting down and abandoning module TextureCompressor (14)
[2016.04.04-12.56.44:859][146]LogModuleManager: Shutting down and abandoning module ShaderCore (13)
[2016.04.04-12.56.44:859][146]LogModuleManager: Shutting down and abandoning module Landscape (12)
[2016.04.04-12.56.44:859][146]LogModuleManager: Shutting down and abandoning module SlateRHIRenderer (11)
[2016.04.04-12.56.44:859][146]LogModuleManager: Shutting down and abandoning module OpenGLDrv (10)
[2016.04.04-12.56.44:859][146]LogModuleManager: Shutting down and abandoning module D3D11RHI (9)
[2016.04.04-12.56.44:859][146]LogModuleManager: Shutting down and abandoning module AnimGraphRuntime (8)
[2016.04.04-12.56.44:859][146]LogModuleManager: Shutting down and abandoning module Renderer (7)
[2016.04.04-12.56.44:859][146]LogModuleManager: Shutting down and abandoning module Engine (6)
[2016.04.04-12.56.44:859][146]LogModuleManager: Shutting down and abandoning module CoreUObject (5)
[2016.04.04-12.56.44:859][146]LogModuleManager: Shutting down and abandoning module NetworkFile (4)
[2016.04.04-12.56.44:859][146]LogModuleManager: Shutting down and abandoning module StreamingFile (3)
[2016.04.04-12.56.44:859][146]LogModuleManager: Shutting down and abandoning module SandboxFile (2)
[2016.04.04-12.56.44:859][146]LogModuleManager: Shutting down and abandoning module PakFile (1)
[2016.04.04-12.56.44:861][146]LogExit: Exiting.
[2016.04.04-12.56.44:862][146]Log file closed, 04/04/16 13:56:44
