[2016.03.24-10.50.29:772][  0]Log file open, 03/24/16 10:50:29
[2016.03.24-10.50.29:772][  0]LogInit:Display: Running engine for game: BadWizard
[2016.03.24-10.50.29:772][  0]LogPlatformFile: Not using cached read wrapper
[2016.03.24-10.50.29:772][  0]LogInit:Display: RandInit(452919745) SRandInit(452919746).
[2016.03.24-10.50.29:772][  0]LogTaskGraph: Started task graph with 4 named threads and 7 total threads.
[2016.03.24-10.50.29:772][  0]LogStats: Stats thread started at 0.106345
[2016.03.24-10.50.29:772][  0]LogInit: Version: 4.10.4-2872498+++depot+UE4-Releases+4.10
[2016.03.24-10.50.29:772][  0]LogInit: API Version: 2758231
[2016.03.24-10.50.29:772][  0]LogInit: Compiled (64-bit): Feb 18 2016 15:47:04
[2016.03.24-10.50.29:772][  0]LogInit: Compiled with Visual C++: 19.00.23026.00
[2016.03.24-10.50.29:772][  0]LogInit: Build Configuration: Development
[2016.03.24-10.50.29:772][  0]LogInit: Branch Name: ++depot+UE4-Releases+4.10
[2016.03.24-10.50.29:772][  0]LogInit: Command line: -EpicPortal 
[2016.03.24-10.50.29:772][  0]LogInit: Base directory: C:/Program Files/Epic Games/4.10/Engine/Binaries/Win64/
[2016.03.24-10.50.29:772][  0]LogInit: Rocket: 1
[2016.03.24-10.50.29:778][  0]LogInit: Using libcurl 7.41.0
[2016.03.24-10.50.29:778][  0]LogInit:  - built for x86_64-pc-win32
[2016.03.24-10.50.29:778][  0]LogInit:  - supports SSL with WinSSL
[2016.03.24-10.50.29:778][  0]LogInit:  - other features:
[2016.03.24-10.50.29:778][  0]LogInit:      CURL_VERSION_SSL
[2016.03.24-10.50.29:778][  0]LogInit:      CURL_VERSION_IPV6
[2016.03.24-10.50.29:778][  0]LogInit:      CURL_VERSION_ASYNCHDNS
[2016.03.24-10.50.29:778][  0]LogInit:      CURL_VERSION_LARGEFILE
[2016.03.24-10.50.29:778][  0]LogInit:      CURL_VERSION_IDN
[2016.03.24-10.50.29:778][  0]LogInit:  CurlRequestOptions (configurable via config and command line):
[2016.03.24-10.50.29:778][  0]LogInit:  - bVerifyPeer = true  - Libcurl will verify peer certificate
[2016.03.24-10.50.29:778][  0]LogInit:  - bUseHttpProxy = false  - Libcurl will NOT use HTTP proxy
[2016.03.24-10.50.29:778][  0]LogInit:  - bDontReuseConnections = false  - Libcurl will reuse connections
[2016.03.24-10.50.29:778][  0]LogInit:  - CertBundlePath = nullptr  - Libcurl will use whatever was configured at build time.
[2016.03.24-10.50.29:786][  0]LogInit: Presizing for 0 objects not considered by GC, pre-allocating 0 bytes.
[2016.03.24-10.50.29:790][  0]LogInit: Object subsystem initialized
[2016.03.24-10.50.29:791][  0]LogInit: Selected Device Profile: [Windows]
[2016.03.24-10.50.29:791][  0]LogInit: Applying CVar settings loaded from the selected device profile: [Windows]
[2016.03.24-10.50.29:797][  0]LogInit: Computer: HECKTICKXX-PC
[2016.03.24-10.50.29:797][  0]LogInit: User: HecktickXx
[2016.03.24-10.50.29:797][  0]LogInit: CPU Page size=4096, Cores=4
[2016.03.24-10.50.29:797][  0]LogInit: High frequency timer resolution =3.906247 MHz
[2016.03.24-10.50.29:797][  0]LogMemory: Memory total: Physical=15.9GB (16GB approx)
[2016.03.24-10.50.29:797][  0]LogMemory: Platform Memory Stats for Windows
[2016.03.24-10.50.29:797][  0]LogMemory: Process Physical Memory: 57.48 MB used, 57.48 MB peak
[2016.03.24-10.50.29:797][  0]LogMemory: Process Virtual Memory: 56.76 MB used, 56.76 MB peak
[2016.03.24-10.50.29:797][  0]LogMemory: Physical Memory: 8027.05 MB used, 16245.34 MB total
[2016.03.24-10.50.29:797][  0]LogMemory: Virtual Memory: 383.86 MB used, 134217728.00 MB total
[2016.03.24-10.50.29:836][  0]LogTextLocalizationManager: No specific translations for ('en-GB') exist, so ('en') translations will be used.
[2016.03.24-10.50.30:308][  0]LogD3D11RHI: Found D3D11 adapter 0: NVIDIA GeForce GTX 970 (Feature Level 11_0)
[2016.03.24-10.50.30:308][  0]LogD3D11RHI: Adapter has 4007MB of dedicated video memory, 0MB of dedicated system memory, and 8122MB of shared system memory, 2 output[s]
[2016.03.24-10.50.30:314][  0]LogD3D11RHI: Found D3D11 adapter 1: Intel(R) HD Graphics 4600 (Feature Level 11_0)
[2016.03.24-10.50.30:314][  0]LogD3D11RHI: Adapter has 112MB of dedicated video memory, 0MB of dedicated system memory, and 8122MB of shared system memory, 0 output[s]
[2016.03.24-10.50.30:315][  0]LogD3D11RHI: Found D3D11 adapter 2: Microsoft Basic Render Driver (Feature Level 11_0)
[2016.03.24-10.50.30:315][  0]LogD3D11RHI: Adapter has 0MB of dedicated video memory, 0MB of dedicated system memory, and 8122MB of shared system memory, 0 output[s]
[2016.03.24-10.50.30:315][  0]LogD3D11RHI: Chosen D3D11 Adapter Id = 0
[2016.03.24-10.50.30:321][  0]LogD3D11RHI: !Direct3DDevice
[2016.03.24-10.50.30:321][  0]LogRHI: Texture pool is 1361 MB (70% of 1945 MB)
[2016.03.24-10.50.30:331][  0]LogD3D11RHI: Async texture creation enabled
[2016.03.24-10.50.30:346][  0]LogShaderCompilers: Guid format shader working directory is -11 characters bigger than the processId version (../../../../../../Users/HecktickXx/Documents/GitHub/BadWizard/Intermediate/Shaders/WorkingDirectory/372/).
[2016.03.24-10.50.30:346][  0]LogShaderCompilers: Cleaned the shader compiler working directory 'C:/Users/HECKTI~1/AppData/Local/Temp/UnrealShaderWorkingDir/2673CC0146DF6DBADBF9E580D0D59178/'.
[2016.03.24-10.50.30:346][  0]LogShaderCompilers:Display: Using Local Shader Compiler.
[2016.03.24-10.50.30:987][  0]LogTemp:Display: Loaded TP AllDesktopTargetPlatform
[2016.03.24-10.50.30:991][  0]LogTemp:Display: Loaded TP WindowsClientTargetPlatform
[2016.03.24-10.50.30:995][  0]LogTemp:Display: Loaded TP WindowsNoEditorTargetPlatform
[2016.03.24-10.50.31:001][  0]LogTemp:Display: Loaded TP WindowsServerTargetPlatform
[2016.03.24-10.50.31:005][  0]LogTemp:Display: Loaded TP WindowsTargetPlatform
[2016.03.24-10.50.31:008][  0]LogTemp:Display: Loaded TP AndroidTargetPlatform
[2016.03.24-10.50.31:010][  0]LogTemp:Display: Loaded TP Android_ASTCTargetPlatform
[2016.03.24-10.50.31:013][  0]LogTemp:Display: Loaded TP Android_ATCTargetPlatform
[2016.03.24-10.50.31:016][  0]LogTemp:Display: Loaded TP Android_DXTTargetPlatform
[2016.03.24-10.50.31:021][  0]LogTemp:Display: Loaded TP Android_ETC1TargetPlatform
[2016.03.24-10.50.31:023][  0]LogTemp:Display: Loaded TP Android_ETC2TargetPlatform
[2016.03.24-10.50.31:028][  0]LogTemp:Display: Loaded TP Android_MultiTargetPlatform
[2016.03.24-10.50.31:028][  0]LogTemp:Display: Loaded TP Android_PVRTCTargetPlatform
[2016.03.24-10.50.31:029][  0]LogTemp:Display: Loaded TP HTML5TargetPlatform
[2016.03.24-10.50.31:047][  0]LogTemp:Display: Loaded TP IOSTargetPlatform
[2016.03.24-10.50.31:050][  0]LogTemp:Display: Loaded TP LinuxNoEditorTargetPlatform
[2016.03.24-10.50.31:054][  0]LogTemp:Display: Loaded TP LinuxServerTargetPlatform
[2016.03.24-10.50.31:056][  0]LogTemp:Display: Loaded TP LinuxTargetPlatform
[2016.03.24-10.50.31:056][  0]LogTargetPlatformManager:Display: Building Assets For Windows
[2016.03.24-10.50.31:137][  0]LogDerivedDataCache:Display: Max Cache Size: 512 MB
[2016.03.24-10.50.31:210][  0]LogDerivedDataCache: Loaded boot cache 0.07s 41MB C:/Users/HecktickXx/AppData/Local/UnrealEngine/4.10/DerivedDataCache/Boot.ddc.
[2016.03.24-10.50.31:210][  0]LogDerivedDataCache:Display: Loaded Boot cache: C:/Users/HecktickXx/AppData/Local/UnrealEngine/4.10/DerivedDataCache/Boot.ddc
[2016.03.24-10.50.31:211][  0]LogDerivedDataCache: FDerivedDataBackendGraph:  Pak pak cache file ../../../../../../Users/HecktickXx/Documents/GitHub/BadWizard/DerivedDataCache/DDC.ddp not found, will not use a pak cache.
[2016.03.24-10.50.31:211][  0]LogDerivedDataCache: Unable to find inner node Pak for hierarchical cache Hierarchy.
[2016.03.24-10.50.31:211][  0]LogDerivedDataCache: FDerivedDataBackendGraph:  CompressedPak pak cache file ../../../../../../Users/HecktickXx/Documents/GitHub/BadWizard/DerivedDataCache/Compressed.ddp not found, will not use a pak cache.
[2016.03.24-10.50.31:211][  0]LogDerivedDataCache: Unable to find inner node CompressedPak for hierarchical cache Hierarchy.
[2016.03.24-10.50.31:262][  0]LogDerivedDataCache:Display: Pak cache opened for reading ../../../Engine/DerivedDataCache/Compressed.ddp.
[2016.03.24-10.50.31:274][  0]LogDerivedDataCache: Using Local data cache path C:/Users/HecktickXx/AppData/Local/UnrealEngine/Common/DerivedDataCache: Writable
[2016.03.24-10.50.31:443][  0]LogInit: Selected Device Profile: [Windows]
[2016.03.24-10.50.31:445][  0]LogContentStreaming: Texture pool size is 0.000000MB
[2016.03.24-10.50.31:537][  0]LogMeshUtilities: No automatic mesh reduction module available
[2016.03.24-10.50.31:537][  0]LogMeshUtilities: No automatic mesh merging module available
[2016.03.24-10.50.31:754][  0]LogInit: WinSock: version 1.1 (2.2), MaxSocks=32767, MaxUdp=65467
[2016.03.24-10.50.32:413][  0]LogAssetRegistry: FAssetRegistry took 0.0107 seconds to start up
[2016.03.24-10.50.32:434][  0]UdpMessaging: Initializing bridge on interface 0.0.0.0:0 to multicast group 230.0.0.1:6666.
[2016.03.24-10.50.32:692][  0]SourceControl: Info Source control is disabled
[2016.03.24-10.50.32:693][  0]SourceControl: Info Source control is disabled
[2016.03.24-10.50.32:710][  0]SourceControl: Info Source control is disabled
[2016.03.24-10.50.32:722][  0]SourceControl: Info Source control is disabled
[2016.03.24-10.50.32:959][  0]LogObj: 28802 objects as part of root set at end of initial load.
[2016.03.24-10.50.32:959][  0]LogUObjectAllocator: 6129776 out of 0 bytes used by permanent object pool.
[2016.03.24-10.50.33:009][  0]LogEngine: Initializing Engine...
[2016.03.24-10.50.33:012][  0]LogHMD: Can't find Oculus library dev build: is proper Runtime installed? Version: 0.8.0.0
[2016.03.24-10.50.33:012][  0]LogHMD: SteamVR failed to initialize.  Err: 110
[2016.03.24-10.50.33:124][  0]LogAIModule: Creating AISystem for world NewWorld
[2016.03.24-10.50.33:146][  0]LogInit: XAudio2 using 'DFX Speakers (DFX Audio Enhancer)' : 6 channels at 48 kHz using 24 bits per sample (channel mask 0x60f)
[2016.03.24-10.50.33:156][  0]LogInit: FAudioDevice initialized.
[2016.03.24-10.50.33:191][  0]LogDerivedDataCache: Saved boot cache 0.03s 41MB C:/Users/HecktickXx/AppData/Local/UnrealEngine/4.10/DerivedDataCache/Boot.ddc.
[2016.03.24-10.50.33:197][  0]LogInit: Texture streaming: Enabled
[2016.03.24-10.50.33:205][  0]LogAnalytics: Creating configured Analytics provider AnalyticsET
[2016.03.24-10.50.33:205][  0]LogAnalytics: [UEEditor.Rocket.Release] APIServer = http://et2.epicgames.com/ET2/. AppVersion = 4.10.4-2872498+++depot+UE4-Releases+4.10
[2016.03.24-10.50.33:205][  0]LogAnalytics: [UEEditor.Rocket.Release] SetUserId 776cd0194945067ad505da87c7dcec14|b0d37f933f4d481fa531816df703f5e0|8bf753f1-f769-407c-b58d-a3dbf23f4d7d
[2016.03.24-10.50.33:205][  0]LogAnalytics: [UEEditor.Rocket.Release] AnalyticsET::StartSession
[2016.03.24-10.50.33:213][  0]LogInit: Transaction tracking system initialized
[2016.03.24-10.50.33:244][  0]BlueprintLog: New page: Editor Load
[2016.03.24-10.50.33:329][  0]LocalizationService: Info Localization service is disabled
[2016.03.24-10.50.33:406][  0]LogConsoleResponse:Display: 
[2016.03.24-10.50.33:500][  0]LogCook:Display: Done creating registry. It took  0.00s.
[2016.03.24-10.50.33:559][  0]LogFileCache: Scanning file cache for directory 'C:/Users/HecktickXx/Documents/GitHub/BadWizard/Content/' took 0.02s
[2016.03.24-10.50.33:559][  0]SourceControl: Info Source control is disabled
[2016.03.24-10.50.33:559][  0]Cmd: MAP LOAD FILE="../../../../../../Users/HecktickXx/Documents/GitHub/BadWizard/Content/FirstPersonBP/Maps/FirstPersonExampleMap.umap" TEMPLATE=0 SHOWPROGRESS=1 FEATURELEVEL=3
[2016.03.24-10.50.33:559][  0]LightingResults: New page: Lighting Build
[2016.03.24-10.50.33:562][  0]MapCheck: New page: Map Check
[2016.03.24-10.50.33:562][  0]LightingResults: New page: Lighting Build
[2016.03.24-10.50.33:573][  0]LogParticles: Destroying 0 GPU particle simulations for FXSystem 0x00000190F73336A0
[2016.03.24-10.50.33:717][  0]LogLinker:Warning: Asset '../../../../../../Users/HecktickXx/Documents/GitHub/BadWizard/Content/FirstPerson/Meshes/FirstPersonProjectileMesh.uasset' has been saved with empty engine version. The asset will be loaded but may be incompatible.
[2016.03.24-10.50.35:539][  0]LogAIModule: Creating AISystem for world FirstPersonExampleMap
[2016.03.24-10.50.35:552][  0]LogMaterial:Warning: Material /Game/StarterContent/Materials/M_Wood_Oak.M_Wood_Oak needed to have new flag set bUsedWithSkeletalMesh !
[2016.03.24-10.50.35:572][  0]LogMaterial: Missing cached shader map for material M_Wood_Oak, compiling. 
[2016.03.24-10.50.35:606][  0]MapCheck:Warning: Warning M_Wood_Oak Material /Game/StarterContent/Materials/M_Wood_Oak.M_Wood_Oak was missing the usage flag bUsedWithSkeletalMesh. If the material asset is not re-saved, it may not render correctly when run outside the editor. Fix
[2016.03.24-10.50.35:606][  0]LogMaterial: 0.000279 seconds spent updating 1 materials, 1 interfaces, 0 instances, 0 with static permutations.
[2016.03.24-10.50.35:636][  0]LogEditorServer: Finished looking for orphan Actors (0.000 secs)
[2016.03.24-10.50.35:637][  0]Cmd: MAP CHECKDEP NOCLEARLOG
[2016.03.24-10.50.35:719][  0]MapCheck: Info Map check complete: 0 Error(s), 1 Warning(s), took 81.387ms to complete.
[2016.03.24-10.50.35:747][  0]LogFileHelpers: Loading map 'FirstPersonExampleMap' took 2.188
[2016.03.24-10.50.35:878][  0]LogCollectionManager: Loaded 0 collections in 0.002683 seconds
[2016.03.24-10.50.35:925][  0]LogFileCache: Scanning file cache for directory 'C:/Users/HecktickXx/Documents/GitHub/BadWizard/Saved/Collections/' took 0.01s
[2016.03.24-10.50.35:925][  0]LogFileCache: Scanning file cache for directory 'C:/Users/HecktickXx/Documents/GitHub/BadWizard/Content/Developers/HecktickXx/Collections/' took 0.01s
[2016.03.24-10.50.35:925][  0]LogFileCache: Scanning file cache for directory 'C:/Users/HecktickXx/Documents/GitHub/BadWizard/Content/Collections/' took 0.01s
[2016.03.24-10.50.35:925][  0]LogCollectionManager: Rebuilt the GUID cache for 0 collections in 0.000002 seconds
[2016.03.24-10.50.35:934][  0]LogContentBrowser: Native class hierarchy populated in 0.0088 seconds. Added 1908 classes and 344 folders.
[2016.03.24-10.50.35:946][  0]LogContentBrowser: Native class hierarchy updated for 'WidgetCarousel' in 0.0005 seconds. Added 0 classes and 0 folders.
[2016.03.24-10.50.36:012][  0]LogContentBrowser: Native class hierarchy updated for 'AddContentDialog' in 0.0004 seconds. Added 0 classes and 0 folders.
[2016.03.24-10.50.36:022][  0]LogContentBrowser: Native class hierarchy updated for 'SceneOutliner' in 0.0003 seconds. Added 1 classes and 2 folders.
[2016.03.24-10.50.36:046][  0]LogCrashTracker: Crashtracker disabled due to settings.
[2016.03.24-10.50.36:056][  0]LogUObjectGlobals:Warning: Failed to find object 'Class None.'
[2016.03.24-10.50.36:080][  0]LogLoad: Full Startup: 6.73 seconds (BP compile: 0.57 seconds)
[2016.03.24-10.50.36:094][  0]LogOcInput: Can't find Oculus library dev build: is proper Runtime installed? Version: 0.8.0.0
[2016.03.24-10.50.36:176][  0]LogContentStreaming: Texture pool size now 1000 MB
[2016.03.24-10.50.36:356][  0]LogRenderer: Reallocating scene render targets to support 1260x656 (Frame:2).
[2016.03.24-10.50.37:378][ 15]LogAssetRegistry: Asset discovery search completed in 4.9757 seconds
[2016.03.24-10.50.37:378][ 15]LogCollectionManager: Rebuilt the object cache for 0 collections in 0.000002 seconds (found 0 objects)
[2016.03.24-10.50.37:378][ 15]LogCollectionManager: Fixed up redirectors for 0 collections in 0.000033 seconds (updated 0 objects)
[2016.03.24-10.52.44:828][117]LogFactory: FactoryCreateBinary: StaticMesh with FbxFactory (0 0 C:\Users\HecktickXx\Desktop\Mage_rigged_2.FBX)
[2016.03.24-10.52.44:849][117]LogFbx: ItemName: GlobalSettings, ItemCount : 1
[2016.03.24-10.52.44:849][117]LogFbx: ItemName: AnimationStack, ItemCount : 1
[2016.03.24-10.52.44:849][117]LogFbx: ItemName: AnimationLayer, ItemCount : 1
[2016.03.24-10.52.44:849][117]LogFbx: ItemName: Model, ItemCount : 34
[2016.03.24-10.52.44:849][117]LogFbx: ItemName: NodeAttribute, ItemCount : 32
[2016.03.24-10.52.44:849][117]LogFbx: ItemName: Geometry, ItemCount : 1
[2016.03.24-10.52.44:849][117]LogFbx: ItemName: Material, ItemCount : 1
[2016.03.24-10.52.44:849][117]LogFbx: ItemName: Texture, ItemCount : 2
[2016.03.24-10.52.44:849][117]LogFbx: ItemName: AnimationCurve, ItemCount : 300
[2016.03.24-10.52.44:849][117]LogFbx: ItemName: AnimationCurveNode, ItemCount : 100
[2016.03.24-10.52.44:849][117]LogFbx: ItemName: Deformer, ItemCount : 25
[2016.03.24-10.52.44:849][117]LogFbx: ItemName: Pose, ItemCount : 1
[2016.03.24-10.52.44:849][117]LogFbx: ItemName: Video, ItemCount : 2
[2016.03.24-10.52.44:907][117]LogFbx: Loading FBX Scene from C:\Users\HecktickXx\Desktop\Mage_rigged_2.FBX
[2016.03.24-10.52.45:086][117]LogFbx: FBX Scene Loaded Succesfully
[2016.03.24-10.53.01:573][117]LogFbx: Loading FBX Scene from C:\Users\HecktickXx\Desktop\Mage_rigged_2.FBX
[2016.03.24-10.53.01:754][117]LogFbx: FBX Scene Loaded Succesfully
[2016.03.24-10.53.01:778][117]LogFbx: =================================================
[2016.03.24-10.53.01:778][117]LogFbx: Dumping Node START [polySurface17] 
[2016.03.24-10.53.01:778][117]LogFbx: 	Total Deformer Count -2090395328.
[2016.03.24-10.53.01:778][117]LogFbx: 		[Node 1]  (Type Skin).
[2016.03.24-10.53.01:778][117]LogFbx: =================================================
[2016.03.24-10.53.01:778][117]LogFbx: 	Attribute () Type (4).
[2016.03.24-10.53.01:778][117]LogFbx: 		[Node Attribute Child 1] polySurface17 (Type Mesh).
[2016.03.24-10.53.01:778][117]LogFbx: Dumping Node END [polySurface17]
[2016.03.24-10.53.01:781][117]LogFbx: =================================================
[2016.03.24-10.53.01:781][117]LogFbx: Dumping Node START [polySurface17] 
[2016.03.24-10.53.01:781][117]LogFbx: 	Total Deformer Count -2090395328.
[2016.03.24-10.53.01:781][117]LogFbx: 		[Node 1]  (Type Skin).
[2016.03.24-10.53.01:781][117]LogFbx: =================================================
[2016.03.24-10.53.01:781][117]LogFbx: 	Attribute () Type (4).
[2016.03.24-10.53.01:781][117]LogFbx: 		[Node Attribute Child 1] polySurface17 (Type Mesh).
[2016.03.24-10.53.01:781][117]LogFbx: Dumping Node END [polySurface17]
[2016.03.24-10.53.01:784][117]LogFbx:Warning: Not valid bind pose for Pose (BIND_POSES) - Node polySurface17 : Not all the deformers are stored in this BindPose
[2016.03.24-10.53.01:784][117]LogFbx:Warning: Getting valid bind pose failed. Try to recreate bind pose
[2016.03.24-10.53.01:789][117]LogFbx: Valid bind pose for Pose (FbxSDKBindPose) - polySurface17
[2016.03.24-10.53.01:789][117]LogFbx:Warning: Recreating bind pose succeeded.
[2016.03.24-10.53.01:794][117]LogLinker:Warning: Can't find file '/Game/FirstPersonBP/Characters/Mage/blinn5'
[2016.03.24-10.53.01:794][117]LogLinker:Warning: Can't find file '/Game/FirstPersonBP/Characters/Mage/blinn5'
[2016.03.24-10.53.01:796][117]LogLinker:Warning: Can't find file '/Game/FirstPersonBP/Characters/Mage/Lightning_Mage_Texture'
[2016.03.24-10.53.01:796][117]LogLinker:Warning: Can't find file '/Game/FirstPersonBP/Characters/Mage/Lightning_Mage_Texture'
[2016.03.24-10.53.01:796][117]LogUObjectGlobals:Warning: Failed to find object 'Texture /Game/FirstPersonBP/Characters/Mage/Lightning_Mage_Texture.Lightning_Mage_Texture'
[2016.03.24-10.53.01:980][117]LogTexture:Display: Building textures: Lightning_Mage_Texture (AutoDXT)
[2016.03.24-10.53.04:358][117]LogLinker:Warning: Can't find file '/Game/FirstPersonBP/Characters/Mage/Cloaked_monster_normal_Maps'
[2016.03.24-10.53.04:358][117]LogLinker:Warning: Can't find file '/Game/FirstPersonBP/Characters/Mage/Cloaked_monster_normal_Maps'
[2016.03.24-10.53.04:358][117]LogUObjectGlobals:Warning: Failed to find object 'Texture /Game/FirstPersonBP/Characters/Mage/Cloaked_monster_normal_Maps.Cloaked_monster_normal_Maps'
[2016.03.24-10.53.04:531][117]LogTexture:Display: Building textures: Cloaked_monster_normal_Maps (BC5)
[2016.03.24-10.53.05:125][117]LogMaterial: Missing cached shader map for material blinn5, compiling. 
[2016.03.24-10.53.05:136][117]LogFbx: Triangulating skeletal mesh polySurface17
[2016.03.24-10.53.05:812][117]LogFbx:Warning: Bones digested - 32  Depth of hierarchy - 12
[2016.03.24-10.53.05:842][117]LogSkeletalMesh: Chunk 0: 1354 rigid vertices, 813 soft vertices, 24 active bones
[2016.03.24-10.53.05:845][117]LogSkeletalMesh: Section 0: Material=0, Chunk=0, 3094 triangles
[2016.03.24-10.53.05:848][117]LogLinker:Warning: Can't find file '/Game/FirstPersonBP/Characters/Mage/Mage_rigged_2_PhysicsAsset'
[2016.03.24-10.53.05:848][117]LogLinker:Warning: Can't find file '/Game/FirstPersonBP/Characters/Mage/Mage_rigged_2_PhysicsAsset'
[2016.03.24-10.53.05:848][117]LogUObjectGlobals:Warning: Failed to find object 'Object /Game/FirstPersonBP/Characters/Mage/Mage_rigged_2_PhysicsAsset.Mage_rigged_2_PhysicsAsset'
[2016.03.24-10.53.05:851][117]LogLinker:Warning: Can't find file '/Game/FirstPersonBP/Characters/Mage/Mage_rigged_2_Skeleton'
[2016.03.24-10.53.05:852][117]LogLinker:Warning: Can't find file '/Game/FirstPersonBP/Characters/Mage/Mage_rigged_2_Skeleton'
[2016.03.24-10.53.05:852][117]LogUObjectGlobals:Warning: Failed to find object 'Object /Game/FirstPersonBP/Characters/Mage/Mage_rigged_2_Skeleton.Mage_rigged_2_Skeleton'
[2016.03.24-10.53.05:854][117]LogFbx: =================================================
[2016.03.24-10.53.05:854][117]LogFbx: Dumping Node START [polySurface17] 
[2016.03.24-10.53.05:854][117]LogFbx: 	Total Deformer Count -1421328944.
[2016.03.24-10.53.05:854][117]LogFbx: 		[Node 1]  (Type Skin).
[2016.03.24-10.53.05:854][117]LogFbx: =================================================
[2016.03.24-10.53.05:854][117]LogFbx: 	Attribute () Type (4).
[2016.03.24-10.53.05:854][117]LogFbx: 		[Node Attribute Child 1] polySurface17 (Type Mesh).
[2016.03.24-10.53.05:854][117]LogFbx: Dumping Node END [polySurface17]
[2016.03.24-10.53.05:857][117]LogFbx: =================================================
[2016.03.24-10.53.05:857][117]LogFbx: Dumping Node START [polySurface17] 
[2016.03.24-10.53.05:857][117]LogFbx: 	Total Deformer Count -1421328944.
[2016.03.24-10.53.05:857][117]LogFbx: 		[Node 1]  (Type Skin).
[2016.03.24-10.53.05:857][117]LogFbx: =================================================
[2016.03.24-10.53.05:857][117]LogFbx: 	Attribute () Type (4).
[2016.03.24-10.53.05:857][117]LogFbx: 		[Node Attribute Child 1] polySurface17 (Type Mesh).
[2016.03.24-10.53.05:857][117]LogFbx: Dumping Node END [polySurface17]
[2016.03.24-10.53.05:870][117]LogFbx: SortedLinks :(0) Bip001
[2016.03.24-10.53.05:870][117]LogFbx: SortedLinks :(1) Bip001 Pelvis
[2016.03.24-10.53.05:870][117]LogFbx: SortedLinks :(2) Bip001 Spine
[2016.03.24-10.53.05:870][117]LogFbx: SortedLinks :(3) Bip001 Spine1
[2016.03.24-10.53.05:870][117]LogFbx: SortedLinks :(4) Bip001 Spine2
[2016.03.24-10.53.05:870][117]LogFbx: SortedLinks :(5) Bip001 Neck
[2016.03.24-10.53.05:870][117]LogFbx: SortedLinks :(6) Bip001 Head
[2016.03.24-10.53.05:870][117]LogFbx: SortedLinks :(7) Bip001 HeadNub
[2016.03.24-10.53.05:870][117]LogFbx: SortedLinks :(8) Bip001 Ponytail1
[2016.03.24-10.53.05:870][117]LogFbx: SortedLinks :(9) Bip001 Ponytail1Nub
[2016.03.24-10.53.05:870][117]LogFbx: SortedLinks :(10) Bip001 L Clavicle
[2016.03.24-10.53.05:870][117]LogFbx: SortedLinks :(11) Bip001 L UpperArm
[2016.03.24-10.53.05:870][117]LogFbx: SortedLinks :(12) Bip001 L Forearm
[2016.03.24-10.53.05:870][117]LogFbx: SortedLinks :(13) Bip001 L Hand
[2016.03.24-10.53.05:870][117]LogFbx: SortedLinks :(14) Bip001 L Finger0
[2016.03.24-10.53.05:870][117]LogFbx: SortedLinks :(15) Bip001 L Finger0Nub
[2016.03.24-10.53.05:870][117]LogFbx: SortedLinks :(16) Bip001 R Clavicle
[2016.03.24-10.53.05:870][117]LogFbx: SortedLinks :(17) Bip001 R UpperArm
[2016.03.24-10.53.05:870][117]LogFbx: SortedLinks :(18) Bip001 R Forearm
[2016.03.24-10.53.05:870][117]LogFbx: SortedLinks :(19) Bip001 R Hand
[2016.03.24-10.53.05:870][117]LogFbx: SortedLinks :(20) Bip001 R Finger0
[2016.03.24-10.53.05:870][117]LogFbx: SortedLinks :(21) Bip001 R Finger0Nub
[2016.03.24-10.53.05:870][117]LogFbx: SortedLinks :(22) Bip001 L Thigh
[2016.03.24-10.53.05:870][117]LogFbx: SortedLinks :(23) Bip001 L Calf
[2016.03.24-10.53.05:870][117]LogFbx: SortedLinks :(24) Bip001 L Foot
[2016.03.24-10.53.05:870][117]LogFbx: SortedLinks :(25) Bip001 L Toe0
[2016.03.24-10.53.05:870][117]LogFbx: SortedLinks :(26) Bip001 L Toe0Nub
[2016.03.24-10.53.05:870][117]LogFbx: SortedLinks :(27) Bip001 R Thigh
[2016.03.24-10.53.05:870][117]LogFbx: SortedLinks :(28) Bip001 R Calf
[2016.03.24-10.53.05:870][117]LogFbx: SortedLinks :(29) Bip001 R Foot
[2016.03.24-10.53.05:870][117]LogFbx: SortedLinks :(30) Bip001 R Toe0
[2016.03.24-10.53.05:870][117]LogFbx: SortedLinks :(31) Bip001 R Toe0Nub
[2016.03.24-10.53.05:872][117]LogFbx: Parsing AnimStack Take 001
[2016.03.24-10.53.05:928][117]LogLinker:Warning: Can't find file '/Game/FirstPersonBP/Characters/Mage/Mage_rigged_2_Anim'
[2016.03.24-10.53.05:929][117]LogLinker:Warning: Can't find file '/Game/FirstPersonBP/Characters/Mage/Mage_rigged_2_Anim'
[2016.03.24-10.53.05:929][117]LogUObjectGlobals:Warning: Failed to find object 'Object /Game/FirstPersonBP/Characters/Mage/Mage_rigged_2_Anim.Mage_rigged_2_Anim'
[2016.03.24-10.53.07:214][117]FBXImport:Warning: Warning Warning: No smoothing group information was found in this FBX scene.  Please make sure to enable the 'Export Smoothing Groups' option in the FBX Exporter plug-in before exporting the file.  Even for tools that don't support smoothing groups, the FBX Exporter will generate appropriate smoothing data at export-time so that correct vertex normals can be inferred while importing. 
[2016.03.24-10.53.07:214][117]FBXImport:Warning: Warning The following bones are missing from the bind pose:
Bip001 HeadNub  
Bip001 Ponytail1Nub  
Bip001 L Finger0  
Bip001 L Finger0Nub  
Bip001 R Finger0Nub  
Bip001 L Toe0Nub  
Bip001 R Toe0Nub  

This can happen for bones that are not vert weighted. If they are not in the correct orientation after importing,
please set the "Use T0 as ref pose" option or add them to the bind pose and reimport the skeletal mesh. 
[2016.03.24-10.53.07:290][119]LogMaterial:Warning: Material /Game/FirstPersonBP/Characters/Mage/blinn5.blinn5 needed to have new flag set bUsedWithSkeletalMesh !
[2016.03.24-10.53.07:334][119]LogMaterial: Missing cached shader map for material blinn5, compiling. 
[2016.03.24-10.53.07:342][119]LogMaterial: 0.000172 seconds spent updating 1 materials, 1 interfaces, 0 instances, 0 with static permutations.
[2016.03.24-10.53.31:019][452]LogSkeletalMesh: InitArticulated: Bodies already created (/Engine/Transient.DebugSkelMeshComponent_0) - call TermArticulated first.
[2016.03.24-10.53.31:084][452]LogRenderer: Reallocating scene render targets to support 1260x916 (Frame:15132).
[2016.03.24-10.53.32:639][542]LogContentBrowser:Verbose: The majority of assets in the view are of type: AnimSequence
[2016.03.24-10.53.32:692][544]LogRenderer: Reallocating scene render targets to support 1260x952 (Frame:15348).
[2016.03.24-10.53.47:497][500]LogRenderer: Reallocating scene render targets to support 1368x952 (Frame:17260).
[2016.03.24-11.00.37:104][534]LogActorComponent: UnregisterComponent: (/Engine/Transient.CharMoveComp) Not registered. Aborting.
[2016.03.24-11.00.37:104][534]LogActorComponent: UnregisterComponent: (/Engine/Transient.CharacterMovementComponent_0) Not registered. Aborting.
[2016.03.24-11.00.37:494][534]LogSavePackage: Save=291.329254ms
[2016.03.24-11.00.37:494][534]LogSavePackage: Moving '../../../../../../Users/HecktickXx/Documents/GitHub/BadWizard/Saved/FirstPersonExampleMap_Auto16EC760154D2AD173642989AA912A1210.tmp' to '../../../../../../Users/HecktickXx/Documents/GitHub/BadWizard/Saved/Autosaves/Game/FirstPersonBP/Maps/FirstPersonExampleMap_Auto1.umap'
[2016.03.24-11.00.37:498][534]LogSavePackage: Total save time: 307.874795ms
[2016.03.24-11.00.37:498][534]LogSavePackage:Display: Finished SavePackage ../../../../../../Users/HecktickXx/Documents/GitHub/BadWizard/Saved/Autosaves/Game/FirstPersonBP/Maps/FirstPersonExampleMap_Auto1.umap
[2016.03.24-11.00.37:500][534]LogFileHelpers: Editor autosave (incl. sublevels) for '/Game/FirstPersonBP/Maps/FirstPersonExampleMap' took 0.396
[2016.03.24-11.00.37:500][534]LogFileHelpers: Editor autosave (incl. sublevels) for all levels took 0.396
[2016.03.24-11.00.37:505][534]OBJ SavePackage: Generating thumbnails for [1] asset(s) in package [/Game/FirstPersonBP/Characters/Mage/Mage_rigged_2] ([1] browsable assets)...
[2016.03.24-11.00.37:516][534]OBJ SavePackage:     Rendered thumbnail for [SkeletalMesh /Game/FirstPersonBP/Characters/Mage/Mage_rigged_2.Mage_rigged_2]
[2016.03.24-11.00.37:517][534]OBJ SavePackage: Finished generating thumbnails for package [/Game/FirstPersonBP/Characters/Mage/Mage_rigged_2]
[2016.03.24-11.00.37:530][534]LogSavePackage: Save=12.234506ms
[2016.03.24-11.00.37:530][534]LogSavePackage: Moving '../../../../../../Users/HecktickXx/Documents/GitHub/BadWizard/Saved/Mage_rigged_2_Auto1C70178A043CBE4DE2F71ECB7420BAA95.tmp' to '../../../../../../Users/HecktickXx/Documents/GitHub/BadWizard/Saved/Autosaves/Game/FirstPersonBP/Characters/Mage/Mage_rigged_2_Auto1.uasset'
[2016.03.24-11.00.37:532][534]LogSavePackage: Total save time: 14.020108ms
[2016.03.24-11.00.37:532][534]LogSavePackage:Display: Finished SavePackage ../../../../../../Users/HecktickXx/Documents/GitHub/BadWizard/Saved/Autosaves/Game/FirstPersonBP/Characters/Mage/Mage_rigged_2_Auto1.uasset
[2016.03.24-11.00.37:545][534]OBJ SavePackage: Generating thumbnails for [1] asset(s) in package [/Game/FirstPersonBP/Characters/Mage/blinn5] ([1] browsable assets)...
[2016.03.24-11.00.37:557][534]OBJ SavePackage:     Rendered thumbnail for [Material /Game/FirstPersonBP/Characters/Mage/blinn5.blinn5]
[2016.03.24-11.00.37:557][534]OBJ SavePackage: Finished generating thumbnails for package [/Game/FirstPersonBP/Characters/Mage/blinn5]
[2016.03.24-11.00.37:568][534]LogSavePackage: Save=9.784328ms
[2016.03.24-11.00.37:568][534]LogSavePackage: Moving '../../../../../../Users/HecktickXx/Documents/GitHub/BadWizard/Saved/blinn5_Auto15B1007A34767FFE0949AE39321D23ECD.tmp' to '../../../../../../Users/HecktickXx/Documents/GitHub/BadWizard/Saved/Autosaves/Game/FirstPersonBP/Characters/Mage/blinn5_Auto1.uasset'
[2016.03.24-11.00.37:570][534]LogSavePackage: Total save time: 12.185868ms
[2016.03.24-11.00.37:570][534]LogSavePackage:Display: Finished SavePackage ../../../../../../Users/HecktickXx/Documents/GitHub/BadWizard/Saved/Autosaves/Game/FirstPersonBP/Characters/Mage/blinn5_Auto1.uasset
[2016.03.24-11.00.37:574][534]OBJ SavePackage: Generating thumbnails for [1] asset(s) in package [/Game/FirstPersonBP/Characters/Mage/Lightning_Mage_Texture] ([1] browsable assets)...
[2016.03.24-11.00.37:581][534]OBJ SavePackage:     Rendered thumbnail for [Texture2D /Game/FirstPersonBP/Characters/Mage/Lightning_Mage_Texture.Lightning_Mage_Texture]
[2016.03.24-11.00.37:581][534]OBJ SavePackage: Finished generating thumbnails for package [/Game/FirstPersonBP/Characters/Mage/Lightning_Mage_Texture]
[2016.03.24-11.00.37:597][534]LogSavePackage: Save=15.418380ms
[2016.03.24-11.00.37:597][534]LogSavePackage: Moving '../../../../../../Users/HecktickXx/Documents/GitHub/BadWizard/Saved/Lightning_Mage_Texture_Auto1307D104D4543B1C73B0203B79CAA240A.tmp' to '../../../../../../Users/HecktickXx/Documents/GitHub/BadWizard/Saved/Autosaves/Game/FirstPersonBP/Characters/Mage/Lightning_Mage_Texture_Auto1.uasset'
[2016.03.24-11.00.37:601][534]LogSavePackage: Total save time: 18.203408ms
[2016.03.24-11.00.37:601][534]LogSavePackage:Display: Finished SavePackage ../../../../../../Users/HecktickXx/Documents/GitHub/BadWizard/Saved/Autosaves/Game/FirstPersonBP/Characters/Mage/Lightning_Mage_Texture_Auto1.uasset
[2016.03.24-11.00.37:604][534]OBJ SavePackage: Generating thumbnails for [1] asset(s) in package [/Game/FirstPersonBP/Characters/Mage/Cloaked_monster_normal_Maps] ([1] browsable assets)...
[2016.03.24-11.00.37:612][534]OBJ SavePackage:     Rendered thumbnail for [Texture2D /Game/FirstPersonBP/Characters/Mage/Cloaked_monster_normal_Maps.Cloaked_monster_normal_Maps]
[2016.03.24-11.00.37:612][534]OBJ SavePackage: Finished generating thumbnails for package [/Game/FirstPersonBP/Characters/Mage/Cloaked_monster_normal_Maps]
[2016.03.24-11.00.37:629][534]LogSavePackage: Save=15.805452ms
[2016.03.24-11.00.37:629][534]LogSavePackage: Moving '../../../../../../Users/HecktickXx/Documents/GitHub/BadWizard/Saved/Cloaked_monster_normal_Maps_Auto109065076450251FCC97C658433664F8D.tmp' to '../../../../../../Users/HecktickXx/Documents/GitHub/BadWizard/Saved/Autosaves/Game/FirstPersonBP/Characters/Mage/Cloaked_monster_normal_Maps_Auto1.uasset'
[2016.03.24-11.00.37:631][534]LogSavePackage: Total save time: 18.251788ms
[2016.03.24-11.00.37:631][534]LogSavePackage:Display: Finished SavePackage ../../../../../../Users/HecktickXx/Documents/GitHub/BadWizard/Saved/Autosaves/Game/FirstPersonBP/Characters/Mage/Cloaked_monster_normal_Maps_Auto1.uasset
[2016.03.24-11.00.37:634][534]OBJ SavePackage: Generating thumbnails for [0] asset(s) in package [/Game/FirstPersonBP/Characters/Mage/Mage_rigged_2_PhysicsAsset] ([1] browsable assets)...
[2016.03.24-11.00.37:634][534]OBJ SavePackage: Finished generating thumbnails for package [/Game/FirstPersonBP/Characters/Mage/Mage_rigged_2_PhysicsAsset]
[2016.03.24-11.00.37:639][534]LogSavePackage: Save=3.147266ms
[2016.03.24-11.00.37:639][534]LogSavePackage: Moving '../../../../../../Users/HecktickXx/Documents/GitHub/BadWizard/Saved/Mage_rigged_2_PhysicsAsset_Auto15DDDB6C947AFEDE1336C6E9A1A84DF6B.tmp' to '../../../../../../Users/HecktickXx/Documents/GitHub/BadWizard/Saved/Autosaves/Game/FirstPersonBP/Characters/Mage/Mage_rigged_2_PhysicsAsset_Auto1.uasset'
[2016.03.24-11.00.37:641][534]LogSavePackage: Total save time: 5.326081ms
[2016.03.24-11.00.37:641][534]LogSavePackage:Display: Finished SavePackage ../../../../../../Users/HecktickXx/Documents/GitHub/BadWizard/Saved/Autosaves/Game/FirstPersonBP/Characters/Mage/Mage_rigged_2_PhysicsAsset_Auto1.uasset
[2016.03.24-11.00.37:643][534]OBJ SavePackage: Generating thumbnails for [0] asset(s) in package [/Game/FirstPersonBP/Characters/Mage/Mage_rigged_2_Skeleton] ([1] browsable assets)...
[2016.03.24-11.00.37:643][534]OBJ SavePackage: Finished generating thumbnails for package [/Game/FirstPersonBP/Characters/Mage/Mage_rigged_2_Skeleton]
[2016.03.24-11.00.37:646][534]LogSavePackage: Save=1.442305ms
[2016.03.24-11.00.37:647][534]LogSavePackage: Moving '../../../../../../Users/HecktickXx/Documents/GitHub/BadWizard/Saved/Mage_rigged_2_Skeleton_Auto17FCA583C482487E9D8E90188DA5A67AD.tmp' to '../../../../../../Users/HecktickXx/Documents/GitHub/BadWizard/Saved/Autosaves/Game/FirstPersonBP/Characters/Mage/Mage_rigged_2_Skeleton_Auto1.uasset'
[2016.03.24-11.00.37:648][534]LogSavePackage: Total save time: 3.485955ms
[2016.03.24-11.00.37:648][534]LogSavePackage:Display: Finished SavePackage ../../../../../../Users/HecktickXx/Documents/GitHub/BadWizard/Saved/Autosaves/Game/FirstPersonBP/Characters/Mage/Mage_rigged_2_Skeleton_Auto1.uasset
[2016.03.24-11.00.37:652][534]OBJ SavePackage: Generating thumbnails for [1] asset(s) in package [/Game/FirstPersonBP/Characters/Mage/Mage_rigged_2_Anim] ([1] browsable assets)...
[2016.03.24-11.00.37:667][534]OBJ SavePackage:     Rendered thumbnail for [AnimSequence /Game/FirstPersonBP/Characters/Mage/Mage_rigged_2_Anim.Mage_rigged_2_Anim]
[2016.03.24-11.00.37:667][534]OBJ SavePackage: Finished generating thumbnails for package [/Game/FirstPersonBP/Characters/Mage/Mage_rigged_2_Anim]
[2016.03.24-11.00.37:677][534]LogSavePackage: Save=7.990790ms
[2016.03.24-11.00.37:677][534]LogSavePackage: Moving '../../../../../../Users/HecktickXx/Documents/GitHub/BadWizard/Saved/Mage_rigged_2_Anim_Auto1A5D8608E4182D35C4764C1BB9C65C36B.tmp' to '../../../../../../Users/HecktickXx/Documents/GitHub/BadWizard/Saved/Autosaves/Game/FirstPersonBP/Characters/Mage/Mage_rigged_2_Anim_Auto1.uasset'
[2016.03.24-11.00.37:679][534]LogSavePackage: Total save time: 10.146566ms
[2016.03.24-11.00.37:679][534]LogSavePackage:Display: Finished SavePackage ../../../../../../Users/HecktickXx/Documents/GitHub/BadWizard/Saved/Autosaves/Game/FirstPersonBP/Characters/Mage/Mage_rigged_2_Anim_Auto1.uasset
[2016.03.24-11.00.37:679][534]LogFileHelpers: Auto-saving content packages took 0.178
[2016.03.24-13.24.56:729][308]LogBlueprintUserMessages: Early PlayInEditor Detection: Level '/Game/FirstPersonBP/Maps/FirstPersonExampleMap.FirstPersonExampleMap:PersistentLevel' has LevelScriptBlueprint '/Game/FirstPersonBP/Maps/FirstPersonExampleMap.FirstPersonExampleMap:PersistentLevel.FirstPersonExampleMap' with GeneratedClass '/Game/FirstPersonBP/Maps/FirstPersonExampleMap.FirstPersonExampleMap_C' with ClassGeneratedBy '/Game/FirstPersonBP/Maps/FirstPersonExampleMap.FirstPersonExampleMap:PersistentLevel.FirstPersonExampleMap'
[2016.03.24-13.24.56:729][308]LogBlueprintUserMessages: Early PlayInEditor Detection: Level '/Game/FirstPersonBP/Maps/tower_map.tower_map:PersistentLevel' has LevelScriptBlueprint '/Game/FirstPersonBP/Maps/tower_map.tower_map:PersistentLevel.tower_map' with GeneratedClass '/Game/FirstPersonBP/Maps/tower_map.tower_map_C' with ClassGeneratedBy '/Game/FirstPersonBP/Maps/tower_map.tower_map:PersistentLevel.tower_map'
[2016.03.24-13.24.56:730][308]LogPlayLevel: PlayLevel: No blueprints needed recompiling
[2016.03.24-13.24.56:745][308]PIE: New page: PIE session: FirstPersonExampleMap (24 Mar 2016 13:24:56)
[2016.03.24-13.24.56:750][308]LogPlayLevel: Creating play world package: /Game/FirstPersonBP/Maps/UEDPIE_0_FirstPersonExampleMap
[2016.03.24-13.24.56:815][308]LogPlayLevel: PIE: StaticDuplicateObject took: (0.065503s)
[2016.03.24-13.24.56:817][308]LogAIModule: Creating AISystem for world FirstPersonExampleMap
[2016.03.24-13.24.56:817][308]LogPlayLevel: PIE: World Init took: (0.001680s)
[2016.03.24-13.24.56:817][308]LogPlayLevel: PIE: Created PIE world by copying editor world from /Game/FirstPersonBP/Maps/FirstPersonExampleMap.FirstPersonExampleMap to /Game/FirstPersonBP/Maps/UEDPIE_0_FirstPersonExampleMap.FirstPersonExampleMap (0.072703s)
[2016.03.24-13.24.56:836][308]LogParticles: Destroying 0 GPU particle simulations for FXSystem 0x00000190C8DC4860
[2016.03.24-13.24.56:837][308]LogParticles: Destroying 0 GPU particle simulations for FXSystem 0x00000190C8DC4E00
[2016.03.24-13.24.56:838][308]LogParticles: Destroying 0 GPU particle simulations for FXSystem 0x0000019105FB2520
[2016.03.24-13.24.56:839][308]LogParticles: Destroying 0 GPU particle simulations for FXSystem 0x00000190D0B64A40
[2016.03.24-13.24.56:860][308]LogInit: XAudio2 using 'DFX Speakers (DFX Audio Enhancer)' : 6 channels at 48 kHz using 24 bits per sample (channel mask 0x60f)
[2016.03.24-13.24.56:865][308]LogInit: FAudioDevice initialized.
[2016.03.24-13.24.57:001][308]LogLinker:Warning: Asset '../../../../../../Users/HecktickXx/Documents/GitHub/BadWizard/Content/FirstPersonBP/Blueprints/FirstPersonHUD.uasset' has been saved with empty engine version. The asset will be loaded but may be incompatible.
[2016.03.24-13.24.57:029][308]LogWorld: Game class is 'FirstPersonGameMode_C'
[2016.03.24-13.24.57:043][308]LogWorld: Bringing World /Game/FirstPersonBP/Maps/UEDPIE_0_FirstPersonExampleMap.FirstPersonExampleMap up for play (max tick rate 0) at 2016.03.24-13.24.57
[2016.03.24-13.24.57:043][308]LogActor:Warning: GameSession /Game/FirstPersonBP/Maps/UEDPIE_0_FirstPersonExampleMap.FirstPersonExampleMap:PersistentLevel.GameSession_0 has natively added scene component(s), but none of them were set as the actor's RootComponent - picking one arbitrarily
[2016.03.24-13.24.57:044][308]LogActor:Warning: GameNetworkManager /Game/FirstPersonBP/Maps/UEDPIE_0_FirstPersonExampleMap.FirstPersonExampleMap:PersistentLevel.GameNetworkManager_0 has natively added scene component(s), but none of them were set as the actor's RootComponent - picking one arbitrarily
[2016.03.24-13.24.57:230][308]LogWorld: Bringing up level for play took: 0.200080
[2016.03.24-13.24.57:448][308]PIE: Info Play in editor start time for /Game/FirstPersonBP/Maps/UEDPIE_0_FirstPersonExampleMap 0.332
[2016.03.24-13.24.57:448][308]LogBlueprintUserMessages: Late PlayInEditor Detection: Level '/Game/FirstPersonBP/Maps/FirstPersonExampleMap.FirstPersonExampleMap:PersistentLevel' has LevelScriptBlueprint '/Game/FirstPersonBP/Maps/FirstPersonExampleMap.FirstPersonExampleMap:PersistentLevel.FirstPersonExampleMap' with GeneratedClass '/Game/FirstPersonBP/Maps/FirstPersonExampleMap.FirstPersonExampleMap_C' with ClassGeneratedBy '/Game/FirstPersonBP/Maps/FirstPersonExampleMap.FirstPersonExampleMap:PersistentLevel.FirstPersonExampleMap'
[2016.03.24-13.24.57:448][308]LogBlueprintUserMessages: Late PlayInEditor Detection: Level '/Game/FirstPersonBP/Maps/tower_map.tower_map:PersistentLevel' has LevelScriptBlueprint '/Game/FirstPersonBP/Maps/tower_map.tower_map:PersistentLevel.tower_map' with GeneratedClass '/Game/FirstPersonBP/Maps/tower_map.tower_map_C' with ClassGeneratedBy '/Game/FirstPersonBP/Maps/tower_map.tower_map:PersistentLevel.tower_map'
[2016.03.24-13.25.25:206][475]LogBlueprintUserMessages: Early EndPlayMap Detection: Level '/Game/FirstPersonBP/Maps/FirstPersonExampleMap.FirstPersonExampleMap:PersistentLevel' has LevelScriptBlueprint '/Game/FirstPersonBP/Maps/FirstPersonExampleMap.FirstPersonExampleMap:PersistentLevel.FirstPersonExampleMap' with GeneratedClass '/Game/FirstPersonBP/Maps/FirstPersonExampleMap.FirstPersonExampleMap_C' with ClassGeneratedBy '/Game/FirstPersonBP/Maps/FirstPersonExampleMap.FirstPersonExampleMap:PersistentLevel.FirstPersonExampleMap'
[2016.03.24-13.25.25:207][475]LogBlueprintUserMessages: Early EndPlayMap Detection: Level '/Game/FirstPersonBP/Maps/tower_map.tower_map:PersistentLevel' has LevelScriptBlueprint '/Game/FirstPersonBP/Maps/tower_map.tower_map:PersistentLevel.tower_map' with GeneratedClass '/Game/FirstPersonBP/Maps/tower_map.tower_map_C' with ClassGeneratedBy '/Game/FirstPersonBP/Maps/tower_map.tower_map:PersistentLevel.tower_map'
[2016.03.24-13.25.25:302][475]LogBlueprintUserMessages: Late EndPlayMap Detection: Level '/Game/FirstPersonBP/Maps/FirstPersonExampleMap.FirstPersonExampleMap:PersistentLevel' has LevelScriptBlueprint '/Game/FirstPersonBP/Maps/FirstPersonExampleMap.FirstPersonExampleMap:PersistentLevel.FirstPersonExampleMap' with GeneratedClass '/Game/FirstPersonBP/Maps/FirstPersonExampleMap.FirstPersonExampleMap_C' with ClassGeneratedBy '/Game/FirstPersonBP/Maps/FirstPersonExampleMap.FirstPersonExampleMap:PersistentLevel.FirstPersonExampleMap'
[2016.03.24-13.25.25:302][475]LogBlueprintUserMessages: Late EndPlayMap Detection: Level '/Game/FirstPersonBP/Maps/tower_map.tower_map:PersistentLevel' has LevelScriptBlueprint '/Game/FirstPersonBP/Maps/tower_map.tower_map:PersistentLevel.tower_map' with GeneratedClass '/Game/FirstPersonBP/Maps/tower_map.tower_map_C' with ClassGeneratedBy '/Game/FirstPersonBP/Maps/tower_map.tower_map:PersistentLevel.tower_map'
[2016.03.24-13.25.25:322][475]LogParticles: Destroying 0 GPU particle simulations for FXSystem 0x00000190D0AE82C0
[2016.03.24-13.25.39:075][999]Cmd: TRANSACTION UNDO
[2016.03.24-13.25.39:075][999]LogEditorTransaction: Undo Create Actors
[2016.03.24-13.25.40:795][145]LogEditorViewport: Clicking on Actor (LMB): SkeletalMeshActor (Mage_rigged_2)
[2016.03.24-13.25.40:887][153]LogEditorViewport: Clicking on Component (LMB): SkeletalMeshComponent (SkeletalMeshComponent0)
[2016.03.24-13.25.44:449][520]Cmd: DELETE
[2016.03.24-13.25.44:449][520]Cmd: ACTOR DELETE
[2016.03.24-13.25.44:506][520]LogEditorActor: Deleted Actor: SkeletalMeshActor
[2016.03.24-13.25.44:525][520]LogEditorActor: Deleted 1 Actors (0.020 secs)
[2016.03.24-13.25.45:505][623]LogSkeletalMesh: InitArticulated: Bodies already created (/Engine/Transient.DebugSkelMeshComponent_3) - call TermArticulated first.
[2016.03.24-13.25.46:940][718]LogContentBrowser:Verbose: The majority of assets in the view are of type: AnimSequence
[2016.03.24-13.25.51:433][ 86]LogEditorViewport: Clicking on Actor (LMB): SkeletalMeshActor (Mage_rigged_2)
[2016.03.24-13.25.51:709][114]LogEditorViewport: Clicking on Actor (LMB): SkeletalMeshActor (Mage_rigged_2)
[2016.03.24-13.26.06:776][839]LogSlate:Warning: Prevented a slow task dialog from being summoned while a context menu was open
[2016.03.24-13.26.07:519][912]LogSlate:Warning: Prevented a slow task dialog from being summoned while a context menu was open
[2016.03.24-13.26.17:625][  7]LogBlueprintUserMessages: Early PlayInEditor Detection: Level '/Game/FirstPersonBP/Maps/FirstPersonExampleMap.FirstPersonExampleMap:PersistentLevel' has LevelScriptBlueprint '/Game/FirstPersonBP/Maps/FirstPersonExampleMap.FirstPersonExampleMap:PersistentLevel.FirstPersonExampleMap' with GeneratedClass '/Game/FirstPersonBP/Maps/FirstPersonExampleMap.FirstPersonExampleMap_C' with ClassGeneratedBy '/Game/FirstPersonBP/Maps/FirstPersonExampleMap.FirstPersonExampleMap:PersistentLevel.FirstPersonExampleMap'
[2016.03.24-13.26.17:625][  7]LogBlueprintUserMessages: Early PlayInEditor Detection: Level '/Game/FirstPersonBP/Maps/tower_map.tower_map:PersistentLevel' has LevelScriptBlueprint '/Game/FirstPersonBP/Maps/tower_map.tower_map:PersistentLevel.tower_map' with GeneratedClass '/Game/FirstPersonBP/Maps/tower_map.tower_map_C' with ClassGeneratedBy '/Game/FirstPersonBP/Maps/tower_map.tower_map:PersistentLevel.tower_map'
[2016.03.24-13.26.17:625][  7]LogPlayLevel: PlayLevel: No blueprints needed recompiling
[2016.03.24-13.26.17:625][  7]PIE: New page: PIE session: FirstPersonExampleMap (24 Mar 2016 13:26:17)
[2016.03.24-13.26.17:625][  7]LogPlayLevel: Creating play world package: /Game/FirstPersonBP/Maps/UEDPIE_0_FirstPersonExampleMap
[2016.03.24-13.26.17:686][  7]LogPlayLevel: PIE: StaticDuplicateObject took: (0.059668s)
[2016.03.24-13.26.17:687][  7]LogAIModule: Creating AISystem for world FirstPersonExampleMap
[2016.03.24-13.26.17:687][  7]LogPlayLevel: PIE: World Init took: (0.001182s)
[2016.03.24-13.26.17:687][  7]LogPlayLevel: PIE: Created PIE world by copying editor world from /Game/FirstPersonBP/Maps/FirstPersonExampleMap.FirstPersonExampleMap to /Game/FirstPersonBP/Maps/UEDPIE_0_FirstPersonExampleMap.FirstPersonExampleMap (0.061230s)
[2016.03.24-13.26.17:703][  7]LogParticles: Destroying 0 GPU particle simulations for FXSystem 0x00000190887E3560
[2016.03.24-13.26.17:703][  7]LogParticles: Destroying 0 GPU particle simulations for FXSystem 0x00000190ECA11DA0
[2016.03.24-13.26.17:703][  7]LogParticles: Destroying 0 GPU particle simulations for FXSystem 0x00000190C70BA3E0
[2016.03.24-13.26.17:725][  7]LogParticles: Destroying 0 GPU particle simulations for FXSystem 0x00000190C70BBE20
[2016.03.24-13.26.17:725][  7]LogInit: XAudio2 using 'DFX Speakers (DFX Audio Enhancer)' : 6 channels at 48 kHz using 24 bits per sample (channel mask 0x60f)
[2016.03.24-13.26.17:730][  7]LogInit: FAudioDevice initialized.
[2016.03.24-13.26.17:766][  7]LogWorld: Game class is 'FirstPersonGameMode_C'
[2016.03.24-13.26.17:781][  7]LogWorld: Bringing World /Game/FirstPersonBP/Maps/UEDPIE_0_FirstPersonExampleMap.FirstPersonExampleMap up for play (max tick rate 0) at 2016.03.24-13.26.17
[2016.03.24-13.26.17:781][  7]LogActor:Warning: GameSession /Game/FirstPersonBP/Maps/UEDPIE_0_FirstPersonExampleMap.FirstPersonExampleMap:PersistentLevel.GameSession_1 has natively added scene component(s), but none of them were set as the actor's RootComponent - picking one arbitrarily
[2016.03.24-13.26.17:781][  7]LogActor:Warning: GameNetworkManager /Game/FirstPersonBP/Maps/UEDPIE_0_FirstPersonExampleMap.FirstPersonExampleMap:PersistentLevel.GameNetworkManager_1 has natively added scene component(s), but none of them were set as the actor's RootComponent - picking one arbitrarily
[2016.03.24-13.26.17:785][  7]LogWorld: Bringing up level for play took: 0.016970
[2016.03.24-13.26.17:786][  7]PIE: Info Play in editor start time for /Game/FirstPersonBP/Maps/UEDPIE_0_FirstPersonExampleMap 0.671
[2016.03.24-13.26.17:786][  7]LogBlueprintUserMessages: Late PlayInEditor Detection: Level '/Game/FirstPersonBP/Maps/FirstPersonExampleMap.FirstPersonExampleMap:PersistentLevel' has LevelScriptBlueprint '/Game/FirstPersonBP/Maps/FirstPersonExampleMap.FirstPersonExampleMap:PersistentLevel.FirstPersonExampleMap' with GeneratedClass '/Game/FirstPersonBP/Maps/FirstPersonExampleMap.FirstPersonExampleMap_C' with ClassGeneratedBy '/Game/FirstPersonBP/Maps/FirstPersonExampleMap.FirstPersonExampleMap:PersistentLevel.FirstPersonExampleMap'
[2016.03.24-13.26.17:786][  7]LogBlueprintUserMessages: Late PlayInEditor Detection: Level '/Game/FirstPersonBP/Maps/tower_map.tower_map:PersistentLevel' has LevelScriptBlueprint '/Game/FirstPersonBP/Maps/tower_map.tower_map:PersistentLevel.tower_map' with GeneratedClass '/Game/FirstPersonBP/Maps/tower_map.tower_map_C' with ClassGeneratedBy '/Game/FirstPersonBP/Maps/tower_map.tower_map:PersistentLevel.tower_map'
[2016.03.24-13.27.07:743][917]LogBlueprintUserMessages: Early EndPlayMap Detection: Level '/Game/FirstPersonBP/Maps/FirstPersonExampleMap.FirstPersonExampleMap:PersistentLevel' has LevelScriptBlueprint '/Game/FirstPersonBP/Maps/FirstPersonExampleMap.FirstPersonExampleMap:PersistentLevel.FirstPersonExampleMap' with GeneratedClass '/Game/FirstPersonBP/Maps/FirstPersonExampleMap.FirstPersonExampleMap_C' with ClassGeneratedBy '/Game/FirstPersonBP/Maps/FirstPersonExampleMap.FirstPersonExampleMap:PersistentLevel.FirstPersonExampleMap'
[2016.03.24-13.27.07:743][917]LogBlueprintUserMessages: Early EndPlayMap Detection: Level '/Game/FirstPersonBP/Maps/tower_map.tower_map:PersistentLevel' has LevelScriptBlueprint '/Game/FirstPersonBP/Maps/tower_map.tower_map:PersistentLevel.tower_map' with GeneratedClass '/Game/FirstPersonBP/Maps/tower_map.tower_map_C' with ClassGeneratedBy '/Game/FirstPersonBP/Maps/tower_map.tower_map:PersistentLevel.tower_map'
[2016.03.24-13.27.07:788][917]LogBlueprintUserMessages: Late EndPlayMap Detection: Level '/Game/FirstPersonBP/Maps/FirstPersonExampleMap.FirstPersonExampleMap:PersistentLevel' has LevelScriptBlueprint '/Game/FirstPersonBP/Maps/FirstPersonExampleMap.FirstPersonExampleMap:PersistentLevel.FirstPersonExampleMap' with GeneratedClass '/Game/FirstPersonBP/Maps/FirstPersonExampleMap.FirstPersonExampleMap_C' with ClassGeneratedBy '/Game/FirstPersonBP/Maps/FirstPersonExampleMap.FirstPersonExampleMap:PersistentLevel.FirstPersonExampleMap'
[2016.03.24-13.27.07:788][917]LogBlueprintUserMessages: Late EndPlayMap Detection: Level '/Game/FirstPersonBP/Maps/tower_map.tower_map:PersistentLevel' has LevelScriptBlueprint '/Game/FirstPersonBP/Maps/tower_map.tower_map:PersistentLevel.tower_map' with GeneratedClass '/Game/FirstPersonBP/Maps/tower_map.tower_map_C' with ClassGeneratedBy '/Game/FirstPersonBP/Maps/tower_map.tower_map:PersistentLevel.tower_map'
[2016.03.24-13.27.07:811][917]LogParticles: Destroying 0 GPU particle simulations for FXSystem 0x00000190C70B98A0
[2016.03.24-13.27.37:197][273]LogSavePackage: Save=318.333435ms
[2016.03.24-13.27.37:197][273]LogSavePackage: Moving '../../../../../../Users/HecktickXx/Documents/GitHub/BadWizard/Saved/FirstPersonExampleMap_Auto2E94A377A48FC1418CC8C3EB83A0B8F44.tmp' to '../../../../../../Users/HecktickXx/Documents/GitHub/BadWizard/Saved/Autosaves/Game/FirstPersonBP/Maps/FirstPersonExampleMap_Auto2.umap'
[2016.03.24-13.27.37:200][273]LogSavePackage: Total save time: 331.265025ms
[2016.03.24-13.27.37:200][273]LogSavePackage:Display: Finished SavePackage ../../../../../../Users/HecktickXx/Documents/GitHub/BadWizard/Saved/Autosaves/Game/FirstPersonBP/Maps/FirstPersonExampleMap_Auto2.umap
[2016.03.24-13.27.37:202][273]LogFileHelpers: Editor autosave (incl. sublevels) for '/Game/FirstPersonBP/Maps/FirstPersonExampleMap' took 0.357
[2016.03.24-13.27.37:202][273]LogFileHelpers: Editor autosave (incl. sublevels) for all levels took 0.357
[2016.03.24-13.28.24:948][570]LogFactory: FactoryCreateBinary: StaticMesh with FbxFactory (0 0 C:\Users\HecktickXx\Desktop\Mage_anim_flying.FBX)
[2016.03.24-13.28.24:956][570]LogFbx: ItemName: GlobalSettings, ItemCount : 1
[2016.03.24-13.28.24:956][570]LogFbx: ItemName: AnimationStack, ItemCount : 1
[2016.03.24-13.28.24:956][570]LogFbx: ItemName: AnimationLayer, ItemCount : 1
[2016.03.24-13.28.24:956][570]LogFbx: ItemName: Model, ItemCount : 34
[2016.03.24-13.28.24:956][570]LogFbx: ItemName: NodeAttribute, ItemCount : 32
[2016.03.24-13.28.24:956][570]LogFbx: ItemName: Geometry, ItemCount : 1
[2016.03.24-13.28.24:956][570]LogFbx: ItemName: Material, ItemCount : 1
[2016.03.24-13.28.24:956][570]LogFbx: ItemName: Texture, ItemCount : 2
[2016.03.24-13.28.24:956][570]LogFbx: ItemName: AnimationCurve, ItemCount : 300
[2016.03.24-13.28.24:956][570]LogFbx: ItemName: AnimationCurveNode, ItemCount : 100
[2016.03.24-13.28.24:956][570]LogFbx: ItemName: Deformer, ItemCount : 25
[2016.03.24-13.28.24:956][570]LogFbx: ItemName: Pose, ItemCount : 1
[2016.03.24-13.28.24:956][570]LogFbx: ItemName: Video, ItemCount : 2
[2016.03.24-13.28.25:008][570]LogFbx: Loading FBX Scene from C:\Users\HecktickXx\Desktop\Mage_anim_flying.FBX
[2016.03.24-13.28.25:183][570]LogFbx: FBX Scene Loaded Succesfully
[2016.03.24-13.28.53:081][570]LogFbx: Loading FBX Scene from C:\Users\HecktickXx\Desktop\Mage_anim_flying.FBX
[2016.03.24-13.28.53:256][570]LogFbx: FBX Scene Loaded Succesfully
[2016.03.24-13.28.53:279][570]LogFbx: =================================================
[2016.03.24-13.28.53:279][570]LogFbx: Dumping Node START [polySurface17] 
[2016.03.24-13.28.53:279][570]LogFbx: 	Total Deformer Count 100218768.
[2016.03.24-13.28.53:279][570]LogFbx: 		[Node 1]  (Type Skin).
[2016.03.24-13.28.53:279][570]LogFbx: =================================================
[2016.03.24-13.28.53:279][570]LogFbx: 	Attribute () Type (4).
[2016.03.24-13.28.53:279][570]LogFbx: 		[Node Attribute Child 1] polySurface17 (Type Mesh).
[2016.03.24-13.28.53:279][570]LogFbx: Dumping Node END [polySurface17]
[2016.03.24-13.28.53:282][570]LogFbx: =================================================
[2016.03.24-13.28.53:282][570]LogFbx: Dumping Node START [polySurface17] 
[2016.03.24-13.28.53:282][570]LogFbx: 	Total Deformer Count 100218768.
[2016.03.24-13.28.53:282][570]LogFbx: 		[Node 1]  (Type Skin).
[2016.03.24-13.28.53:282][570]LogFbx: =================================================
[2016.03.24-13.28.53:282][570]LogFbx: 	Attribute () Type (4).
[2016.03.24-13.28.53:282][570]LogFbx: 		[Node Attribute Child 1] polySurface17 (Type Mesh).
[2016.03.24-13.28.53:282][570]LogFbx: Dumping Node END [polySurface17]
[2016.03.24-13.28.53:283][570]LogFbx: SortedLinks :(0) Bip001
[2016.03.24-13.28.53:283][570]LogFbx: SortedLinks :(1) Bip001 Pelvis
[2016.03.24-13.28.53:283][570]LogFbx: SortedLinks :(2) Bip001 Spine
[2016.03.24-13.28.53:283][570]LogFbx: SortedLinks :(3) Bip001 Spine1
[2016.03.24-13.28.53:283][570]LogFbx: SortedLinks :(4) Bip001 Spine2
[2016.03.24-13.28.53:283][570]LogFbx: SortedLinks :(5) Bip001 Neck
[2016.03.24-13.28.53:283][570]LogFbx: SortedLinks :(6) Bip001 Head
[2016.03.24-13.28.53:283][570]LogFbx: SortedLinks :(7) Bip001 HeadNub
[2016.03.24-13.28.53:283][570]LogFbx: SortedLinks :(8) Bip001 Ponytail1
[2016.03.24-13.28.53:283][570]LogFbx: SortedLinks :(9) Bip001 Ponytail1Nub
[2016.03.24-13.28.53:283][570]LogFbx: SortedLinks :(10) Bip001 L Clavicle
[2016.03.24-13.28.53:283][570]LogFbx: SortedLinks :(11) Bip001 L UpperArm
[2016.03.24-13.28.53:283][570]LogFbx: SortedLinks :(12) Bip001 L Forearm
[2016.03.24-13.28.53:283][570]LogFbx: SortedLinks :(13) Bip001 L Hand
[2016.03.24-13.28.53:283][570]LogFbx: SortedLinks :(14) Bip001 L Finger0
[2016.03.24-13.28.53:283][570]LogFbx: SortedLinks :(15) Bip001 L Finger0Nub
[2016.03.24-13.28.53:283][570]LogFbx: SortedLinks :(16) Bip001 R Clavicle
[2016.03.24-13.28.53:283][570]LogFbx: SortedLinks :(17) Bip001 R UpperArm
[2016.03.24-13.28.53:283][570]LogFbx: SortedLinks :(18) Bip001 R Forearm
[2016.03.24-13.28.53:283][570]LogFbx: SortedLinks :(19) Bip001 R Hand
[2016.03.24-13.28.53:283][570]LogFbx: SortedLinks :(20) Bip001 R Finger0
[2016.03.24-13.28.53:283][570]LogFbx: SortedLinks :(21) Bip001 R Finger0Nub
[2016.03.24-13.28.53:283][570]LogFbx: SortedLinks :(22) Bip001 L Thigh
[2016.03.24-13.28.53:283][570]LogFbx: SortedLinks :(23) Bip001 L Calf
[2016.03.24-13.28.53:283][570]LogFbx: SortedLinks :(24) Bip001 L Foot
[2016.03.24-13.28.53:283][570]LogFbx: SortedLinks :(25) Bip001 L Toe0
[2016.03.24-13.28.53:283][570]LogFbx: SortedLinks :(26) Bip001 L Toe0Nub
[2016.03.24-13.28.53:283][570]LogFbx: SortedLinks :(27) Bip001 R Thigh
[2016.03.24-13.28.53:283][570]LogFbx: SortedLinks :(28) Bip001 R Calf
[2016.03.24-13.28.53:283][570]LogFbx: SortedLinks :(29) Bip001 R Foot
[2016.03.24-13.28.53:283][570]LogFbx: SortedLinks :(30) Bip001 R Toe0
[2016.03.24-13.28.53:283][570]LogFbx: SortedLinks :(31) Bip001 R Toe0Nub
[2016.03.24-13.28.53:302][570]LogFbx: Parsing AnimStack Take 001
[2016.03.24-13.28.53:325][570]LogLinker:Warning: Can't find file '/Game/FirstPersonBP/Characters/Mage/Mage_anim_flying'
[2016.03.24-13.28.53:325][570]LogLinker:Warning: Can't find file '/Game/FirstPersonBP/Characters/Mage/Mage_anim_flying'
[2016.03.24-13.28.53:325][570]LogUObjectGlobals:Warning: Failed to find object 'Object /Game/FirstPersonBP/Characters/Mage/Mage_anim_flying.Mage_anim_flying'
[2016.03.24-13.29.02:649][455]LogEditorViewport: Clicking on Actor (LMB): SkeletalMeshActor (Mage_rigged_2)
[2016.03.24-13.29.02:796][471]Cmd: EDIT COPY
[2016.03.24-13.29.02:976][484]Cmd: EDIT PASTE
[2016.03.24-13.29.11:554][411]LogBlueprintUserMessages: Early PlayInEditor Detection: Level '/Game/FirstPersonBP/Maps/FirstPersonExampleMap.FirstPersonExampleMap:PersistentLevel' has LevelScriptBlueprint '/Game/FirstPersonBP/Maps/FirstPersonExampleMap.FirstPersonExampleMap:PersistentLevel.FirstPersonExampleMap' with GeneratedClass '/Game/FirstPersonBP/Maps/FirstPersonExampleMap.FirstPersonExampleMap_C' with ClassGeneratedBy '/Game/FirstPersonBP/Maps/FirstPersonExampleMap.FirstPersonExampleMap:PersistentLevel.FirstPersonExampleMap'
[2016.03.24-13.29.11:554][411]LogBlueprintUserMessages: Early PlayInEditor Detection: Level '/Game/FirstPersonBP/Maps/tower_map.tower_map:PersistentLevel' has LevelScriptBlueprint '/Game/FirstPersonBP/Maps/tower_map.tower_map:PersistentLevel.tower_map' with GeneratedClass '/Game/FirstPersonBP/Maps/tower_map.tower_map_C' with ClassGeneratedBy '/Game/FirstPersonBP/Maps/tower_map.tower_map:PersistentLevel.tower_map'
[2016.03.24-13.29.11:554][411]LogPlayLevel: PlayLevel: No blueprints needed recompiling
[2016.03.24-13.29.11:554][411]PIE: New page: PIE session: FirstPersonExampleMap (24 Mar 2016 13:29:11)
[2016.03.24-13.29.11:554][411]LogPlayLevel: Creating play world package: /Game/FirstPersonBP/Maps/UEDPIE_0_FirstPersonExampleMap
[2016.03.24-13.29.11:616][411]LogPlayLevel: PIE: StaticDuplicateObject took: (0.062066s)
[2016.03.24-13.29.11:617][411]LogAIModule: Creating AISystem for world FirstPersonExampleMap
[2016.03.24-13.29.11:618][411]LogPlayLevel: PIE: World Init took: (0.001155s)
[2016.03.24-13.29.11:618][411]LogPlayLevel: PIE: Created PIE world by copying editor world from /Game/FirstPersonBP/Maps/FirstPersonExampleMap.FirstPersonExampleMap to /Game/FirstPersonBP/Maps/UEDPIE_0_FirstPersonExampleMap.FirstPersonExampleMap (0.063576s)
[2016.03.24-13.29.11:658][411]LogInit: XAudio2 using 'DFX Speakers (DFX Audio Enhancer)' : 6 channels at 48 kHz using 24 bits per sample (channel mask 0x60f)
[2016.03.24-13.29.11:664][411]LogInit: FAudioDevice initialized.
[2016.03.24-13.29.11:696][411]LogWorld: Game class is 'FirstPersonGameMode_C'
[2016.03.24-13.29.11:711][411]LogWorld: Bringing World /Game/FirstPersonBP/Maps/UEDPIE_0_FirstPersonExampleMap.FirstPersonExampleMap up for play (max tick rate 0) at 2016.03.24-13.29.11
[2016.03.24-13.29.11:711][411]LogActor:Warning: GameSession /Game/FirstPersonBP/Maps/UEDPIE_0_FirstPersonExampleMap.FirstPersonExampleMap:PersistentLevel.GameSession_2 has natively added scene component(s), but none of them were set as the actor's RootComponent - picking one arbitrarily
[2016.03.24-13.29.11:711][411]LogActor:Warning: GameNetworkManager /Game/FirstPersonBP/Maps/UEDPIE_0_FirstPersonExampleMap.FirstPersonExampleMap:PersistentLevel.GameNetworkManager_2 has natively added scene component(s), but none of them were set as the actor's RootComponent - picking one arbitrarily
[2016.03.24-13.29.11:715][411]LogWorld: Bringing up level for play took: 0.017011
[2016.03.24-13.29.11:716][411]PIE: Info Play in editor start time for /Game/FirstPersonBP/Maps/UEDPIE_0_FirstPersonExampleMap 0.601
[2016.03.24-13.29.11:716][411]LogBlueprintUserMessages: Late PlayInEditor Detection: Level '/Game/FirstPersonBP/Maps/FirstPersonExampleMap.FirstPersonExampleMap:PersistentLevel' has LevelScriptBlueprint '/Game/FirstPersonBP/Maps/FirstPersonExampleMap.FirstPersonExampleMap:PersistentLevel.FirstPersonExampleMap' with GeneratedClass '/Game/FirstPersonBP/Maps/FirstPersonExampleMap.FirstPersonExampleMap_C' with ClassGeneratedBy '/Game/FirstPersonBP/Maps/FirstPersonExampleMap.FirstPersonExampleMap:PersistentLevel.FirstPersonExampleMap'
[2016.03.24-13.29.11:717][411]LogBlueprintUserMessages: Late PlayInEditor Detection: Level '/Game/FirstPersonBP/Maps/tower_map.tower_map:PersistentLevel' has LevelScriptBlueprint '/Game/FirstPersonBP/Maps/tower_map.tower_map:PersistentLevel.tower_map' with GeneratedClass '/Game/FirstPersonBP/Maps/tower_map.tower_map_C' with ClassGeneratedBy '/Game/FirstPersonBP/Maps/tower_map.tower_map:PersistentLevel.tower_map'
[2016.03.24-13.29.16:532][983]LogBlueprintUserMessages: Early EndPlayMap Detection: Level '/Game/FirstPersonBP/Maps/FirstPersonExampleMap.FirstPersonExampleMap:PersistentLevel' has LevelScriptBlueprint '/Game/FirstPersonBP/Maps/FirstPersonExampleMap.FirstPersonExampleMap:PersistentLevel.FirstPersonExampleMap' with GeneratedClass '/Game/FirstPersonBP/Maps/FirstPersonExampleMap.FirstPersonExampleMap_C' with ClassGeneratedBy '/Game/FirstPersonBP/Maps/FirstPersonExampleMap.FirstPersonExampleMap:PersistentLevel.FirstPersonExampleMap'
[2016.03.24-13.29.16:532][983]LogBlueprintUserMessages: Early EndPlayMap Detection: Level '/Game/FirstPersonBP/Maps/tower_map.tower_map:PersistentLevel' has LevelScriptBlueprint '/Game/FirstPersonBP/Maps/tower_map.tower_map:PersistentLevel.tower_map' with GeneratedClass '/Game/FirstPersonBP/Maps/tower_map.tower_map_C' with ClassGeneratedBy '/Game/FirstPersonBP/Maps/tower_map.tower_map:PersistentLevel.tower_map'
[2016.03.24-13.29.16:575][983]LogBlueprintUserMessages: Late EndPlayMap Detection: Level '/Game/FirstPersonBP/Maps/FirstPersonExampleMap.FirstPersonExampleMap:PersistentLevel' has LevelScriptBlueprint '/Game/FirstPersonBP/Maps/FirstPersonExampleMap.FirstPersonExampleMap:PersistentLevel.FirstPersonExampleMap' with GeneratedClass '/Game/FirstPersonBP/Maps/FirstPersonExampleMap.FirstPersonExampleMap_C' with ClassGeneratedBy '/Game/FirstPersonBP/Maps/FirstPersonExampleMap.FirstPersonExampleMap:PersistentLevel.FirstPersonExampleMap'
[2016.03.24-13.29.16:575][983]LogBlueprintUserMessages: Late EndPlayMap Detection: Level '/Game/FirstPersonBP/Maps/tower_map.tower_map:PersistentLevel' has LevelScriptBlueprint '/Game/FirstPersonBP/Maps/tower_map.tower_map:PersistentLevel.tower_map' with GeneratedClass '/Game/FirstPersonBP/Maps/tower_map.tower_map_C' with ClassGeneratedBy '/Game/FirstPersonBP/Maps/tower_map.tower_map:PersistentLevel.tower_map'
[2016.03.24-13.29.16:595][983]LogParticles: Destroying 0 GPU particle simulations for FXSystem 0x00000190E8CDC7C0
[2016.03.24-13.29.26:875][152]Cmd: DELETE
[2016.03.24-13.29.26:875][152]Cmd: ACTOR DELETE
[2016.03.24-13.29.26:876][152]LogEditorActor: Deleted Actor: SpotLight
[2016.03.24-13.29.26:877][152]LogActorComponent: UnregisterComponent: (/Engine/Transient.MovementComponent0) Not registered. Aborting.
[2016.03.24-13.29.26:891][152]LogEditorActor: Deleted 1 Actors (0.016 secs)
[2016.03.24-13.29.43:332][955]Cmd: EDIT COPY
[2016.03.24-13.29.43:788][  8]Cmd: EDIT PASTE
[2016.03.24-13.29.58:377][606]Cmd: EDIT COPY
[2016.03.24-13.29.58:564][628]Cmd: EDIT PASTE
[2016.03.24-13.30.05:457][342]LogBlueprintUserMessages: Early PlayInEditor Detection: Level '/Game/FirstPersonBP/Maps/FirstPersonExampleMap.FirstPersonExampleMap:PersistentLevel' has LevelScriptBlueprint '/Game/FirstPersonBP/Maps/FirstPersonExampleMap.FirstPersonExampleMap:PersistentLevel.FirstPersonExampleMap' with GeneratedClass '/Game/FirstPersonBP/Maps/FirstPersonExampleMap.FirstPersonExampleMap_C' with ClassGeneratedBy '/Game/FirstPersonBP/Maps/FirstPersonExampleMap.FirstPersonExampleMap:PersistentLevel.FirstPersonExampleMap'
[2016.03.24-13.30.05:457][342]LogBlueprintUserMessages: Early PlayInEditor Detection: Level '/Game/FirstPersonBP/Maps/tower_map.tower_map:PersistentLevel' has LevelScriptBlueprint '/Game/FirstPersonBP/Maps/tower_map.tower_map:PersistentLevel.tower_map' with GeneratedClass '/Game/FirstPersonBP/Maps/tower_map.tower_map_C' with ClassGeneratedBy '/Game/FirstPersonBP/Maps/tower_map.tower_map:PersistentLevel.tower_map'
[2016.03.24-13.30.05:457][342]LogPlayLevel: PlayLevel: No blueprints needed recompiling
[2016.03.24-13.30.05:457][342]PIE: New page: PIE session: FirstPersonExampleMap (24 Mar 2016 13:30:05)
[2016.03.24-13.30.05:458][342]LogPlayLevel: Creating play world package: /Game/FirstPersonBP/Maps/UEDPIE_0_FirstPersonExampleMap
[2016.03.24-13.30.05:520][342]LogPlayLevel: PIE: StaticDuplicateObject took: (0.062048s)
[2016.03.24-13.30.05:521][342]LogAIModule: Creating AISystem for world FirstPersonExampleMap
[2016.03.24-13.30.05:521][342]LogPlayLevel: PIE: World Init took: (0.001136s)
[2016.03.24-13.30.05:521][342]LogPlayLevel: PIE: Created PIE world by copying editor world from /Game/FirstPersonBP/Maps/FirstPersonExampleMap.FirstPersonExampleMap to /Game/FirstPersonBP/Maps/UEDPIE_0_FirstPersonExampleMap.FirstPersonExampleMap (0.063588s)
[2016.03.24-13.30.05:555][342]LogInit: XAudio2 using 'DFX Speakers (DFX Audio Enhancer)' : 6 channels at 48 kHz using 24 bits per sample (channel mask 0x60f)
[2016.03.24-13.30.05:561][342]LogInit: FAudioDevice initialized.
[2016.03.24-13.30.05:592][342]LogWorld: Game class is 'FirstPersonGameMode_C'
[2016.03.24-13.30.05:607][342]LogWorld: Bringing World /Game/FirstPersonBP/Maps/UEDPIE_0_FirstPersonExampleMap.FirstPersonExampleMap up for play (max tick rate 0) at 2016.03.24-13.30.05
[2016.03.24-13.30.05:607][342]LogActor:Warning: GameSession /Game/FirstPersonBP/Maps/UEDPIE_0_FirstPersonExampleMap.FirstPersonExampleMap:PersistentLevel.GameSession_3 has natively added scene component(s), but none of them were set as the actor's RootComponent - picking one arbitrarily
[2016.03.24-13.30.05:607][342]LogActor:Warning: GameNetworkManager /Game/FirstPersonBP/Maps/UEDPIE_0_FirstPersonExampleMap.FirstPersonExampleMap:PersistentLevel.GameNetworkManager_3 has natively added scene component(s), but none of them were set as the actor's RootComponent - picking one arbitrarily
[2016.03.24-13.30.05:610][342]LogWorld: Bringing up level for play took: 0.017429
[2016.03.24-13.30.05:612][342]PIE: Info Play in editor start time for /Game/FirstPersonBP/Maps/UEDPIE_0_FirstPersonExampleMap 0.497
[2016.03.24-13.30.05:613][342]LogBlueprintUserMessages: Late PlayInEditor Detection: Level '/Game/FirstPersonBP/Maps/FirstPersonExampleMap.FirstPersonExampleMap:PersistentLevel' has LevelScriptBlueprint '/Game/FirstPersonBP/Maps/FirstPersonExampleMap.FirstPersonExampleMap:PersistentLevel.FirstPersonExampleMap' with GeneratedClass '/Game/FirstPersonBP/Maps/FirstPersonExampleMap.FirstPersonExampleMap_C' with ClassGeneratedBy '/Game/FirstPersonBP/Maps/FirstPersonExampleMap.FirstPersonExampleMap:PersistentLevel.FirstPersonExampleMap'
[2016.03.24-13.30.05:613][342]LogBlueprintUserMessages: Late PlayInEditor Detection: Level '/Game/FirstPersonBP/Maps/tower_map.tower_map:PersistentLevel' has LevelScriptBlueprint '/Game/FirstPersonBP/Maps/tower_map.tower_map:PersistentLevel.tower_map' with GeneratedClass '/Game/FirstPersonBP/Maps/tower_map.tower_map_C' with ClassGeneratedBy '/Game/FirstPersonBP/Maps/tower_map.tower_map:PersistentLevel.tower_map'
[2016.03.24-13.30.23:730][335]Cmd: LevelEditor.ToggleImmersive
[2016.03.24-13.30.23:872][336]LogRenderer: Reallocating scene render targets to support 1536x952 (Frame:62779).
[2016.03.24-13.30.23:922][337]LogRenderer: Reallocating scene render targets to support 1920x1080 (Frame:62781).
[2016.03.24-13.55.28:344][225]LogBlueprintUserMessages: Early EndPlayMap Detection: Level '/Game/FirstPersonBP/Maps/FirstPersonExampleMap.FirstPersonExampleMap:PersistentLevel' has LevelScriptBlueprint '/Game/FirstPersonBP/Maps/FirstPersonExampleMap.FirstPersonExampleMap:PersistentLevel.FirstPersonExampleMap' with GeneratedClass '/Game/FirstPersonBP/Maps/FirstPersonExampleMap.FirstPersonExampleMap_C' with ClassGeneratedBy '/Game/FirstPersonBP/Maps/FirstPersonExampleMap.FirstPersonExampleMap:PersistentLevel.FirstPersonExampleMap'
[2016.03.24-13.55.28:344][225]LogBlueprintUserMessages: Early EndPlayMap Detection: Level '/Game/FirstPersonBP/Maps/tower_map.tower_map:PersistentLevel' has LevelScriptBlueprint '/Game/FirstPersonBP/Maps/tower_map.tower_map:PersistentLevel.tower_map' with GeneratedClass '/Game/FirstPersonBP/Maps/tower_map.tower_map_C' with ClassGeneratedBy '/Game/FirstPersonBP/Maps/tower_map.tower_map:PersistentLevel.tower_map'
[2016.03.24-13.55.28:415][225]LogBlueprintUserMessages: Late EndPlayMap Detection: Level '/Game/FirstPersonBP/Maps/FirstPersonExampleMap.FirstPersonExampleMap:PersistentLevel' has LevelScriptBlueprint '/Game/FirstPersonBP/Maps/FirstPersonExampleMap.FirstPersonExampleMap:PersistentLevel.FirstPersonExampleMap' with GeneratedClass '/Game/FirstPersonBP/Maps/FirstPersonExampleMap.FirstPersonExampleMap_C' with ClassGeneratedBy '/Game/FirstPersonBP/Maps/FirstPersonExampleMap.FirstPersonExampleMap:PersistentLevel.FirstPersonExampleMap'
[2016.03.24-13.55.28:415][225]LogBlueprintUserMessages: Late EndPlayMap Detection: Level '/Game/FirstPersonBP/Maps/tower_map.tower_map:PersistentLevel' has LevelScriptBlueprint '/Game/FirstPersonBP/Maps/tower_map.tower_map:PersistentLevel.tower_map' with GeneratedClass '/Game/FirstPersonBP/Maps/tower_map.tower_map_C' with ClassGeneratedBy '/Game/FirstPersonBP/Maps/tower_map.tower_map:PersistentLevel.tower_map'
[2016.03.24-13.55.28:440][225]LogParticles: Destroying 0 GPU particle simulations for FXSystem 0x00000190EF315300
[2016.03.24-13.59.38:102][ 81]LogSavePackage: Save=329.308929ms
[2016.03.24-13.59.38:102][ 81]LogSavePackage: Moving '../../../../../../Users/HecktickXx/Documents/GitHub/BadWizard/Saved/FirstPersonExampleMap0E442C3F4CBAF85E7F29279E21F4C21C.tmp' to '../../../../../../Users/HecktickXx/Documents/GitHub/BadWizard/Content/FirstPersonBP/Maps/FirstPersonExampleMap.umap'
[2016.03.24-13.59.38:109][ 81]LogSavePackage: Total save time: 345.840905ms
[2016.03.24-13.59.38:109][ 81]LogSavePackage:Display: Finished SavePackage ../../../../../../Users/HecktickXx/Documents/GitHub/BadWizard/Content/FirstPersonBP/Maps/FirstPersonExampleMap.umap
[2016.03.24-13.59.38:170][ 81]LogFileHelpers: Saving map 'FirstPersonExampleMap' took 0.498
[2016.03.24-13.59.38:210][ 81]LogSavePackage: Save=14.558475ms
[2016.03.24-13.59.38:210][ 81]LogSavePackage: Moving '../../../../../../Users/HecktickXx/Documents/GitHub/BadWizard/Saved/Mage_rigged_263ECD2664B7809582D467DA64251762E.tmp' to '../../../../../../Users/HecktickXx/Documents/GitHub/BadWizard/Content/FirstPersonBP/Characters/Mage/Mage_rigged_2.uasset'
[2016.03.24-13.59.38:213][ 81]LogSavePackage: Total save time: 17.815564ms
[2016.03.24-13.59.38:213][ 81]LogSavePackage:Display: Finished SavePackage ../../../../../../Users/HecktickXx/Documents/GitHub/BadWizard/Content/FirstPersonBP/Characters/Mage/Mage_rigged_2.uasset
[2016.03.24-13.59.38:263][ 81]LogSavePackage: Save=13.005066ms
[2016.03.24-13.59.38:263][ 81]LogSavePackage: Moving '../../../../../../Users/HecktickXx/Documents/GitHub/BadWizard/Saved/blinn57EB90E8848B9C21672FAC3B82A784E08.tmp' to '../../../../../../Users/HecktickXx/Documents/GitHub/BadWizard/Content/FirstPersonBP/Characters/Mage/blinn5.uasset'
[2016.03.24-13.59.38:266][ 81]LogSavePackage: Total save time: 16.810764ms
[2016.03.24-13.59.38:266][ 81]LogSavePackage:Display: Finished SavePackage ../../../../../../Users/HecktickXx/Documents/GitHub/BadWizard/Content/FirstPersonBP/Characters/Mage/blinn5.uasset
[2016.03.24-13.59.38:660][ 81]LogSavePackage: Save=371.259918ms
[2016.03.24-13.59.38:660][ 81]LogSavePackage: Moving '../../../../../../Users/HecktickXx/Documents/GitHub/BadWizard/Saved/Lightning_Mage_Texture22959367493D45FEE47E5187B3BF58CC.tmp' to '../../../../../../Users/HecktickXx/Documents/GitHub/BadWizard/Content/FirstPersonBP/Characters/Mage/Lightning_Mage_Texture.uasset'
[2016.03.24-13.59.38:664][ 81]LogSavePackage: Total save time: 375.304736ms
[2016.03.24-13.59.38:664][ 81]LogSavePackage:Display: Finished SavePackage ../../../../../../Users/HecktickXx/Documents/GitHub/BadWizard/Content/FirstPersonBP/Characters/Mage/Lightning_Mage_Texture.uasset
[2016.03.24-13.59.38:992]